
*** Running vivado
    with args -log FIP_top.vds -m64 -product Vivado -mode batch -messageDb vivado.pb -notrace -source FIP_top.tcl



****** Vivado v2022.2 (64-bit)
  **** SW Build 3671981 on Fri Oct 14 05:00:03 MDT 2022
  **** IP Build 3669848 on Fri Oct 14 08:30:02 MDT 2022
    ** Copyright 1986-2022 Xilinx, Inc. All Rights Reserved.

source FIP_top.tcl -notrace
Command: read_checkpoint -auto_incremental -incremental C:/Users/Boyang/Desktop/FPGA-Matrix-Accelerator/FIP/FIP.srcs/utils_1/imports/synth_1/Systolic_Array.dcp
INFO: [Vivado 12-5825] Read reference checkpoint from C:/Users/Boyang/Desktop/FPGA-Matrix-Accelerator/FIP/FIP.srcs/utils_1/imports/synth_1/Systolic_Array.dcp for incremental synthesis
INFO: [Vivado 12-7989] Please ensure there are no constraint changes
Command: synth_design -top FIP_top -part xczu7ev-ffvc1156-2-e
Starting synth_design
Attempting to get a license for feature 'Synthesis' and/or device 'xczu7ev'
INFO: [Common 17-349] Got license for feature 'Synthesis' and/or device 'xczu7ev'
INFO: [Device 21-403] Loading part xczu7ev-ffvc1156-2-e
INFO: [Designutils 20-5440] No compile time benefit to using incremental synthesis; A full resynthesis will be run
INFO: [Designutils 20-4379] Flow is switching to default flow due to incremental criteria not met. If you would like to alter this behaviour and have the flow terminate instead, please set the following parameter config_implementation {autoIncr.Synth.RejectBehavior Terminate}
INFO: [Synth 8-7079] Multithreading enabled for synth_design using a maximum of 2 processes.
INFO: [Synth 8-7078] Launching helper process for spawning children vivado processes
INFO: [Synth 8-7075] Helper process launched with PID 8412
INFO: [Synth 8-11241] undeclared symbol 'REGCCE', assumed default net type 'wire' [C:/Xilinx/Vivado/2022.2/data/verilog/src/unimacro/BRAM_SINGLE_MACRO.v:2170]
---------------------------------------------------------------------------------
Starting RTL Elaboration : Time (s): cpu = 00:00:03 ; elapsed = 00:00:03 . Memory (MB): peak = 2896.438 ; gain = 338.805
---------------------------------------------------------------------------------
INFO: [Synth 8-6157] synthesizing module 'FIP_top' [C:/Users/Boyang/Desktop/FPGA-Matrix-Accelerator/FIP/FIP.srcs/sources_1/new/FIP_top.sv:1]
INFO: [Synth 8-6157] synthesizing module 'IBUFGDS' [C:/Xilinx/Vivado/2022.2/scripts/rt/data/unisim_comp.v:71834]
INFO: [Synth 8-6155] done synthesizing module 'IBUFGDS' (0#1) [C:/Xilinx/Vivado/2022.2/scripts/rt/data/unisim_comp.v:71834]
INFO: [Synth 8-6157] synthesizing module 'Systolic_Array' [C:/Users/Boyang/Desktop/FPGA-Matrix-Accelerator/FIP/FIP.srcs/sources_1/new/Systolic_Array.sv:1]
	Parameter DATA_WIDTH bound to: 2 - type: integer 
	Parameter M bound to: 4 - type: integer 
	Parameter N bound to: 4 - type: integer 
	Parameter K bound to: 4 - type: integer 
INFO: [Synth 8-6157] synthesizing module 'PE' [C:/Users/Boyang/Desktop/FPGA-Matrix-Accelerator/FIP/FIP.srcs/sources_1/new/PE.sv:1]
	Parameter DATA_WIDTH bound to: 2 - type: integer 
INFO: [Synth 8-6155] done synthesizing module 'PE' (0#1) [C:/Users/Boyang/Desktop/FPGA-Matrix-Accelerator/FIP/FIP.srcs/sources_1/new/PE.sv:1]
WARNING: [Synth 8-324] index 4 out of range [C:/Users/Boyang/Desktop/FPGA-Matrix-Accelerator/FIP/FIP.srcs/sources_1/new/Systolic_Array.sv:27]
WARNING: [Synth 8-324] index 4 out of range [C:/Users/Boyang/Desktop/FPGA-Matrix-Accelerator/FIP/FIP.srcs/sources_1/new/Systolic_Array.sv:28]
WARNING: [Synth 8-324] index 4 out of range [C:/Users/Boyang/Desktop/FPGA-Matrix-Accelerator/FIP/FIP.srcs/sources_1/new/Systolic_Array.sv:27]
WARNING: [Synth 8-324] index 4 out of range [C:/Users/Boyang/Desktop/FPGA-Matrix-Accelerator/FIP/FIP.srcs/sources_1/new/Systolic_Array.sv:28]
WARNING: [Synth 8-324] index 4 out of range [C:/Users/Boyang/Desktop/FPGA-Matrix-Accelerator/FIP/FIP.srcs/sources_1/new/Systolic_Array.sv:27]
WARNING: [Synth 8-324] index 4 out of range [C:/Users/Boyang/Desktop/FPGA-Matrix-Accelerator/FIP/FIP.srcs/sources_1/new/Systolic_Array.sv:28]
WARNING: [Synth 8-324] index 4 out of range [C:/Users/Boyang/Desktop/FPGA-Matrix-Accelerator/FIP/FIP.srcs/sources_1/new/Systolic_Array.sv:27]
WARNING: [Synth 8-324] index 4 out of range [C:/Users/Boyang/Desktop/FPGA-Matrix-Accelerator/FIP/FIP.srcs/sources_1/new/Systolic_Array.sv:28]
WARNING: [Synth 8-324] index 4 out of range [C:/Users/Boyang/Desktop/FPGA-Matrix-Accelerator/FIP/FIP.srcs/sources_1/new/Systolic_Array.sv:33]
WARNING: [Synth 8-324] index 4 out of range [C:/Users/Boyang/Desktop/FPGA-Matrix-Accelerator/FIP/FIP.srcs/sources_1/new/Systolic_Array.sv:34]
WARNING: [Synth 8-324] index 4 out of range [C:/Users/Boyang/Desktop/FPGA-Matrix-Accelerator/FIP/FIP.srcs/sources_1/new/Systolic_Array.sv:33]
WARNING: [Synth 8-324] index 4 out of range [C:/Users/Boyang/Desktop/FPGA-Matrix-Accelerator/FIP/FIP.srcs/sources_1/new/Systolic_Array.sv:34]
WARNING: [Synth 8-324] index 4 out of range [C:/Users/Boyang/Desktop/FPGA-Matrix-Accelerator/FIP/FIP.srcs/sources_1/new/Systolic_Array.sv:33]
WARNING: [Synth 8-324] index 4 out of range [C:/Users/Boyang/Desktop/FPGA-Matrix-Accelerator/FIP/FIP.srcs/sources_1/new/Systolic_Array.sv:34]
WARNING: [Synth 8-324] index 4 out of range [C:/Users/Boyang/Desktop/FPGA-Matrix-Accelerator/FIP/FIP.srcs/sources_1/new/Systolic_Array.sv:33]
WARNING: [Synth 8-324] index 4 out of range [C:/Users/Boyang/Desktop/FPGA-Matrix-Accelerator/FIP/FIP.srcs/sources_1/new/Systolic_Array.sv:34]
INFO: [Synth 8-6155] done synthesizing module 'Systolic_Array' (0#1) [C:/Users/Boyang/Desktop/FPGA-Matrix-Accelerator/FIP/FIP.srcs/sources_1/new/Systolic_Array.sv:1]
INFO: [Synth 8-6157] synthesizing module 'Alpha_Beta_cal' [C:/Users/Boyang/Desktop/FPGA-Matrix-Accelerator/FIP/FIP.srcs/sources_1/new/Alpha_Beta_cal.sv:2]
	Parameter DATA_WIDTH bound to: 2 - type: integer 
	Parameter K bound to: 4 - type: integer 
	Parameter M bound to: 4 - type: integer 
	Parameter N bound to: 4 - type: integer 
INFO: [Synth 8-6157] synthesizing module 'Alpha_Beta_PE' [C:/Users/Boyang/Desktop/FPGA-Matrix-Accelerator/FIP/FIP.srcs/sources_1/new/Alpha_Beta_PE.sv:1]
	Parameter DATA_WIDTH bound to: 2 - type: integer 
	Parameter K bound to: 4 - type: integer 
	Parameter M bound to: 4 - type: integer 
	Parameter N bound to: 4 - type: integer 
INFO: [Synth 8-6155] done synthesizing module 'Alpha_Beta_PE' (0#1) [C:/Users/Boyang/Desktop/FPGA-Matrix-Accelerator/FIP/FIP.srcs/sources_1/new/Alpha_Beta_PE.sv:1]
WARNING: [Synth 8-689] width (9) of port connection 'A_in' does not match port width (2) of module 'Alpha_Beta_PE' [C:/Users/Boyang/Desktop/FPGA-Matrix-Accelerator/FIP/FIP.srcs/sources_1/new/Alpha_Beta_cal.sv:82]
WARNING: [Synth 8-689] width (9) of port connection 'B_in' does not match port width (2) of module 'Alpha_Beta_PE' [C:/Users/Boyang/Desktop/FPGA-Matrix-Accelerator/FIP/FIP.srcs/sources_1/new/Alpha_Beta_cal.sv:83]
WARNING: [Synth 8-689] width (9) of port connection 'A_in' does not match port width (2) of module 'Alpha_Beta_PE' [C:/Users/Boyang/Desktop/FPGA-Matrix-Accelerator/FIP/FIP.srcs/sources_1/new/Alpha_Beta_cal.sv:82]
WARNING: [Synth 8-689] width (9) of port connection 'B_in' does not match port width (2) of module 'Alpha_Beta_PE' [C:/Users/Boyang/Desktop/FPGA-Matrix-Accelerator/FIP/FIP.srcs/sources_1/new/Alpha_Beta_cal.sv:83]
WARNING: [Synth 8-689] width (9) of port connection 'A_in' does not match port width (2) of module 'Alpha_Beta_PE' [C:/Users/Boyang/Desktop/FPGA-Matrix-Accelerator/FIP/FIP.srcs/sources_1/new/Alpha_Beta_cal.sv:82]
WARNING: [Synth 8-689] width (9) of port connection 'B_in' does not match port width (2) of module 'Alpha_Beta_PE' [C:/Users/Boyang/Desktop/FPGA-Matrix-Accelerator/FIP/FIP.srcs/sources_1/new/Alpha_Beta_cal.sv:83]
WARNING: [Synth 8-689] width (9) of port connection 'A_in' does not match port width (2) of module 'Alpha_Beta_PE' [C:/Users/Boyang/Desktop/FPGA-Matrix-Accelerator/FIP/FIP.srcs/sources_1/new/Alpha_Beta_cal.sv:82]
WARNING: [Synth 8-689] width (9) of port connection 'B_in' does not match port width (2) of module 'Alpha_Beta_PE' [C:/Users/Boyang/Desktop/FPGA-Matrix-Accelerator/FIP/FIP.srcs/sources_1/new/Alpha_Beta_cal.sv:83]
WARNING: [Synth 8-689] width (9) of port connection 'A_in' does not match port width (2) of module 'Alpha_Beta_PE' [C:/Users/Boyang/Desktop/FPGA-Matrix-Accelerator/FIP/FIP.srcs/sources_1/new/Alpha_Beta_cal.sv:101]
WARNING: [Synth 8-689] width (9) of port connection 'B_in' does not match port width (2) of module 'Alpha_Beta_PE' [C:/Users/Boyang/Desktop/FPGA-Matrix-Accelerator/FIP/FIP.srcs/sources_1/new/Alpha_Beta_cal.sv:102]
WARNING: [Synth 8-689] width (9) of port connection 'A_in' does not match port width (2) of module 'Alpha_Beta_PE' [C:/Users/Boyang/Desktop/FPGA-Matrix-Accelerator/FIP/FIP.srcs/sources_1/new/Alpha_Beta_cal.sv:101]
WARNING: [Synth 8-689] width (9) of port connection 'B_in' does not match port width (2) of module 'Alpha_Beta_PE' [C:/Users/Boyang/Desktop/FPGA-Matrix-Accelerator/FIP/FIP.srcs/sources_1/new/Alpha_Beta_cal.sv:102]
WARNING: [Synth 8-689] width (9) of port connection 'A_in' does not match port width (2) of module 'Alpha_Beta_PE' [C:/Users/Boyang/Desktop/FPGA-Matrix-Accelerator/FIP/FIP.srcs/sources_1/new/Alpha_Beta_cal.sv:101]
WARNING: [Synth 8-689] width (9) of port connection 'B_in' does not match port width (2) of module 'Alpha_Beta_PE' [C:/Users/Boyang/Desktop/FPGA-Matrix-Accelerator/FIP/FIP.srcs/sources_1/new/Alpha_Beta_cal.sv:102]
WARNING: [Synth 8-689] width (9) of port connection 'A_in' does not match port width (2) of module 'Alpha_Beta_PE' [C:/Users/Boyang/Desktop/FPGA-Matrix-Accelerator/FIP/FIP.srcs/sources_1/new/Alpha_Beta_cal.sv:101]
WARNING: [Synth 8-689] width (9) of port connection 'B_in' does not match port width (2) of module 'Alpha_Beta_PE' [C:/Users/Boyang/Desktop/FPGA-Matrix-Accelerator/FIP/FIP.srcs/sources_1/new/Alpha_Beta_cal.sv:102]
INFO: [Synth 8-6155] done synthesizing module 'Alpha_Beta_cal' (0#1) [C:/Users/Boyang/Desktop/FPGA-Matrix-Accelerator/FIP/FIP.srcs/sources_1/new/Alpha_Beta_cal.sv:2]
INFO: [Synth 8-6157] synthesizing module 'random_matrix' [C:/Users/Boyang/Desktop/FPGA-Matrix-Accelerator/FIP/FIP.srcs/sources_1/new/random_matrix.v:1]
	Parameter DATA_WIDTH bound to: 2 - type: integer 
	Parameter M bound to: 4 - type: integer 
	Parameter K bound to: 4 - type: integer 
	Parameter N bound to: 4 - type: integer 
INFO: [Synth 8-6155] done synthesizing module 'random_matrix' (0#1) [C:/Users/Boyang/Desktop/FPGA-Matrix-Accelerator/FIP/FIP.srcs/sources_1/new/random_matrix.v:1]
INFO: [Synth 8-6155] done synthesizing module 'FIP_top' (0#1) [C:/Users/Boyang/Desktop/FPGA-Matrix-Accelerator/FIP/FIP.srcs/sources_1/new/FIP_top.sv:1]
WARNING: [Synth 8-6014] Unused sequential element seed_local_reg was removed.  [C:/Users/Boyang/Desktop/FPGA-Matrix-Accelerator/FIP/FIP.srcs/sources_1/new/random_matrix.v:43]
---------------------------------------------------------------------------------
Finished RTL Elaboration : Time (s): cpu = 00:00:04 ; elapsed = 00:00:04 . Memory (MB): peak = 2996.797 ; gain = 439.164
---------------------------------------------------------------------------------
---------------------------------------------------------------------------------
Start Handling Custom Attributes
---------------------------------------------------------------------------------
---------------------------------------------------------------------------------
Finished Handling Custom Attributes : Time (s): cpu = 00:00:04 ; elapsed = 00:00:04 . Memory (MB): peak = 3014.703 ; gain = 457.070
---------------------------------------------------------------------------------
---------------------------------------------------------------------------------
Finished RTL Optimization Phase 1 : Time (s): cpu = 00:00:04 ; elapsed = 00:00:04 . Memory (MB): peak = 3014.703 ; gain = 457.070
---------------------------------------------------------------------------------
Netlist sorting complete. Time (s): cpu = 00:00:00 ; elapsed = 00:00:00.011 . Memory (MB): peak = 3026.754 ; gain = 0.000
INFO: [Netlist 29-17] Analyzing 1 Unisim elements for replacement
INFO: [Netlist 29-28] Unisim Transformation completed in 0 CPU seconds
INFO: [Project 1-570] Preparing netlist for logic optimization

Processing XDC Constraints
Initializing timing engine
Parsing XDC File [C:/Users/Boyang/Desktop/FPGA-Matrix-Accelerator/FIP/FIP.srcs/constrs_1/new/FIP_c.xdc]
Finished Parsing XDC File [C:/Users/Boyang/Desktop/FPGA-Matrix-Accelerator/FIP/FIP.srcs/constrs_1/new/FIP_c.xdc]
INFO: [Project 1-236] Implementation specific constraints were found while reading constraint file [C:/Users/Boyang/Desktop/FPGA-Matrix-Accelerator/FIP/FIP.srcs/constrs_1/new/FIP_c.xdc]. These constraints will be ignored for synthesis but will be used in implementation. Impacted constraints are listed in the file [.Xil/FIP_top_propImpl.xdc].
Resolution: To avoid this warning, move constraints listed in [.Xil/FIP_top_propImpl.xdc] to another XDC file and exclude this new file from synthesis with the used_in_synthesis property (File Properties dialog in GUI) and re-run elaboration/synthesis.
Completed Processing XDC Constraints

Netlist sorting complete. Time (s): cpu = 00:00:00 ; elapsed = 00:00:00 . Memory (MB): peak = 3120.355 ; gain = 0.000
INFO: [Project 1-111] Unisim Transformation Summary:
  A total of 1 instances were transformed.
  IBUFGDS => IBUFDS (DIFFINBUF, IBUFCTRL): 1 instance 

Constraint Validation Runtime : Time (s): cpu = 00:00:00 ; elapsed = 00:00:00.006 . Memory (MB): peak = 3120.355 ; gain = 0.000
INFO: [Designutils 20-5440] No compile time benefit to using incremental synthesis; A full resynthesis will be run
INFO: [Designutils 20-4379] Flow is switching to default flow due to incremental criteria not met. If you would like to alter this behaviour and have the flow terminate instead, please set the following parameter config_implementation {autoIncr.Synth.RejectBehavior Terminate}
INFO: [Synth 8-11241] undeclared symbol 'REGCCE', assumed default net type 'wire' [C:/Xilinx/Vivado/2022.2/data/verilog/src/unimacro/BRAM_SINGLE_MACRO.v:2170]
---------------------------------------------------------------------------------
Finished Constraint Validation : Time (s): cpu = 00:00:09 ; elapsed = 00:00:10 . Memory (MB): peak = 3120.355 ; gain = 562.723
---------------------------------------------------------------------------------
---------------------------------------------------------------------------------
Start Loading Part and Timing Information
---------------------------------------------------------------------------------
Loading part: xczu7ev-ffvc1156-2-e
INFO: [Synth 8-6742] Reading net delay rules and data
---------------------------------------------------------------------------------
Finished Loading Part and Timing Information : Time (s): cpu = 00:00:09 ; elapsed = 00:00:10 . Memory (MB): peak = 3120.355 ; gain = 562.723
---------------------------------------------------------------------------------
---------------------------------------------------------------------------------
Start Applying 'set_property' XDC Constraints
---------------------------------------------------------------------------------
---------------------------------------------------------------------------------
Finished applying 'set_property' XDC Constraints : Time (s): cpu = 00:00:09 ; elapsed = 00:00:10 . Memory (MB): peak = 3120.355 ; gain = 562.723
---------------------------------------------------------------------------------
---------------------------------------------------------------------------------
Finished RTL Optimization Phase 2 : Time (s): cpu = 00:00:09 ; elapsed = 00:00:10 . Memory (MB): peak = 3120.355 ; gain = 562.723
---------------------------------------------------------------------------------
---------------------------------------------------------------------------------
Start RTL Component Statistics 
---------------------------------------------------------------------------------
Detailed RTL Component Info : 
+---Adders : 
	   2 Input   32 Bit       Adders := 4     
	   2 Input   17 Bit       Adders := 1     
	   2 Input    9 Bit       Adders := 8     
	   2 Input    8 Bit       Adders := 3     
	   4 Input    5 Bit       Adders := 16    
	   2 Input    4 Bit       Adders := 1     
	   2 Input    3 Bit       Adders := 32    
+---XORs : 
	   4 Input      1 Bit         XORs := 32    
+---Registers : 
	               17 Bit    Registers := 1     
	               16 Bit    Registers := 1     
	               10 Bit    Registers := 16    
	                9 Bit    Registers := 40    
	                8 Bit    Registers := 34    
	                5 Bit    Registers := 16    
	                4 Bit    Registers := 9     
	                2 Bit    Registers := 112   
	                1 Bit    Registers := 7     
+---Muxes : 
	   2 Input   17 Bit        Muxes := 1     
	   2 Input    9 Bit        Muxes := 8     
	   2 Input    8 Bit        Muxes := 3     
	   2 Input    4 Bit        Muxes := 9     
	   2 Input    2 Bit        Muxes := 80    
	   2 Input    1 Bit        Muxes := 8     
---------------------------------------------------------------------------------
Finished RTL Component Statistics 
---------------------------------------------------------------------------------
---------------------------------------------------------------------------------
Start Part Resource Summary
---------------------------------------------------------------------------------
Part Resources:
DSPs: 1728 (col length:144)
BRAMs: 624 (col length: RAMB18 144 RAMB36 72)
---------------------------------------------------------------------------------
Finished Part Resource Summary
---------------------------------------------------------------------------------
---------------------------------------------------------------------------------
Start Cross Boundary and Area Optimization
---------------------------------------------------------------------------------
WARNING: [Synth 8-7080] Parallel synthesis criteria is not met
CRITICAL WARNING: [Synth 8-6859] multi-driven net on pin Q with 1st driver pin 'Systolic_Array/col_loop[0].row_loop[1].pe_inst/C_out_reg[4]/Q' [C:/Users/Boyang/Desktop/FPGA-Matrix-Accelerator/FIP/FIP.srcs/sources_1/new/PE.sv:31]
CRITICAL WARNING: [Synth 8-6859] multi-driven net on pin Q with 2nd driver pin 'GND' [C:/Users/Boyang/Desktop/FPGA-Matrix-Accelerator/FIP/FIP.srcs/sources_1/new/PE.sv:31]
CRITICAL WARNING: [Synth 8-6858] multi-driven net Q is connected to at least one constant driver which has been preserved, other driver is ignored [C:/Users/Boyang/Desktop/FPGA-Matrix-Accelerator/FIP/FIP.srcs/sources_1/new/PE.sv:31]
CRITICAL WARNING: [Synth 8-6859] multi-driven net on pin Q with 1st driver pin 'Systolic_Array/col_loop[0].row_loop[2].pe_inst/C_out_reg[4]/Q' [C:/Users/Boyang/Desktop/FPGA-Matrix-Accelerator/FIP/FIP.srcs/sources_1/new/PE.sv:31]
CRITICAL WARNING: [Synth 8-6859] multi-driven net on pin Q with 2nd driver pin 'GND' [C:/Users/Boyang/Desktop/FPGA-Matrix-Accelerator/FIP/FIP.srcs/sources_1/new/PE.sv:31]
CRITICAL WARNING: [Synth 8-6858] multi-driven net Q is connected to at least one constant driver which has been preserved, other driver is ignored [C:/Users/Boyang/Desktop/FPGA-Matrix-Accelerator/FIP/FIP.srcs/sources_1/new/PE.sv:31]
CRITICAL WARNING: [Synth 8-6859] multi-driven net on pin Q with 1st driver pin 'Systolic_Array/col_loop[0].row_loop[3].pe_inst/C_out_reg[4]/Q' [C:/Users/Boyang/Desktop/FPGA-Matrix-Accelerator/FIP/FIP.srcs/sources_1/new/PE.sv:31]
CRITICAL WARNING: [Synth 8-6859] multi-driven net on pin Q with 2nd driver pin 'GND' [C:/Users/Boyang/Desktop/FPGA-Matrix-Accelerator/FIP/FIP.srcs/sources_1/new/PE.sv:31]
CRITICAL WARNING: [Synth 8-6858] multi-driven net Q is connected to at least one constant driver which has been preserved, other driver is ignored [C:/Users/Boyang/Desktop/FPGA-Matrix-Accelerator/FIP/FIP.srcs/sources_1/new/PE.sv:31]
CRITICAL WARNING: [Synth 8-6859] multi-driven net on pin Q with 1st driver pin 'Systolic_Array/col_loop[1].row_loop[0].pe_inst/C_out_reg[4]/Q' [C:/Users/Boyang/Desktop/FPGA-Matrix-Accelerator/FIP/FIP.srcs/sources_1/new/PE.sv:31]
CRITICAL WARNING: [Synth 8-6859] multi-driven net on pin Q with 2nd driver pin 'GND' [C:/Users/Boyang/Desktop/FPGA-Matrix-Accelerator/FIP/FIP.srcs/sources_1/new/PE.sv:31]
CRITICAL WARNING: [Synth 8-6858] multi-driven net Q is connected to at least one constant driver which has been preserved, other driver is ignored [C:/Users/Boyang/Desktop/FPGA-Matrix-Accelerator/FIP/FIP.srcs/sources_1/new/PE.sv:31]
CRITICAL WARNING: [Synth 8-6859] multi-driven net on pin Q with 1st driver pin 'Systolic_Array/col_loop[1].row_loop[1].pe_inst/C_out_reg[4]/Q' [C:/Users/Boyang/Desktop/FPGA-Matrix-Accelerator/FIP/FIP.srcs/sources_1/new/PE.sv:31]
CRITICAL WARNING: [Synth 8-6859] multi-driven net on pin Q with 2nd driver pin 'GND' [C:/Users/Boyang/Desktop/FPGA-Matrix-Accelerator/FIP/FIP.srcs/sources_1/new/PE.sv:31]
CRITICAL WARNING: [Synth 8-6858] multi-driven net Q is connected to at least one constant driver which has been preserved, other driver is ignored [C:/Users/Boyang/Desktop/FPGA-Matrix-Accelerator/FIP/FIP.srcs/sources_1/new/PE.sv:31]
CRITICAL WARNING: [Synth 8-6859] multi-driven net on pin Q with 1st driver pin 'Systolic_Array/col_loop[1].row_loop[1].pe_inst/C_out_reg[3]/Q' [C:/Users/Boyang/Desktop/FPGA-Matrix-Accelerator/FIP/FIP.srcs/sources_1/new/PE.sv:31]
CRITICAL WARNING: [Synth 8-6859] multi-driven net on pin Q with 2nd driver pin 'GND' [C:/Users/Boyang/Desktop/FPGA-Matrix-Accelerator/FIP/FIP.srcs/sources_1/new/PE.sv:31]
CRITICAL WARNING: [Synth 8-6858] multi-driven net Q is connected to at least one constant driver which has been preserved, other driver is ignored [C:/Users/Boyang/Desktop/FPGA-Matrix-Accelerator/FIP/FIP.srcs/sources_1/new/PE.sv:31]
CRITICAL WARNING: [Synth 8-6859] multi-driven net on pin Q with 1st driver pin 'Systolic_Array/col_loop[1].row_loop[1].pe_inst/C_out_reg[2]/Q' [C:/Users/Boyang/Desktop/FPGA-Matrix-Accelerator/FIP/FIP.srcs/sources_1/new/PE.sv:31]
CRITICAL WARNING: [Synth 8-6859] multi-driven net on pin Q with 2nd driver pin 'GND' [C:/Users/Boyang/Desktop/FPGA-Matrix-Accelerator/FIP/FIP.srcs/sources_1/new/PE.sv:31]
CRITICAL WARNING: [Synth 8-6858] multi-driven net Q is connected to at least one constant driver which has been preserved, other driver is ignored [C:/Users/Boyang/Desktop/FPGA-Matrix-Accelerator/FIP/FIP.srcs/sources_1/new/PE.sv:31]
CRITICAL WARNING: [Synth 8-6859] multi-driven net on pin Q with 1st driver pin 'Systolic_Array/col_loop[1].row_loop[1].pe_inst/C_out_reg[1]/Q' [C:/Users/Boyang/Desktop/FPGA-Matrix-Accelerator/FIP/FIP.srcs/sources_1/new/PE.sv:31]
CRITICAL WARNING: [Synth 8-6859] multi-driven net on pin Q with 2nd driver pin 'GND' [C:/Users/Boyang/Desktop/FPGA-Matrix-Accelerator/FIP/FIP.srcs/sources_1/new/PE.sv:31]
CRITICAL WARNING: [Synth 8-6858] multi-driven net Q is connected to at least one constant driver which has been preserved, other driver is ignored [C:/Users/Boyang/Desktop/FPGA-Matrix-Accelerator/FIP/FIP.srcs/sources_1/new/PE.sv:31]
CRITICAL WARNING: [Synth 8-6859] multi-driven net on pin Q with 1st driver pin 'Systolic_Array/col_loop[1].row_loop[1].pe_inst/C_out_reg[0]/Q' [C:/Users/Boyang/Desktop/FPGA-Matrix-Accelerator/FIP/FIP.srcs/sources_1/new/PE.sv:31]
CRITICAL WARNING: [Synth 8-6859] multi-driven net on pin Q with 2nd driver pin 'GND' [C:/Users/Boyang/Desktop/FPGA-Matrix-Accelerator/FIP/FIP.srcs/sources_1/new/PE.sv:31]
CRITICAL WARNING: [Synth 8-6858] multi-driven net Q is connected to at least one constant driver which has been preserved, other driver is ignored [C:/Users/Boyang/Desktop/FPGA-Matrix-Accelerator/FIP/FIP.srcs/sources_1/new/PE.sv:31]
CRITICAL WARNING: [Synth 8-6859] multi-driven net on pin Q with 1st driver pin 'Systolic_Array/col_loop[1].row_loop[2].pe_inst/C_out_reg[4]/Q' [C:/Users/Boyang/Desktop/FPGA-Matrix-Accelerator/FIP/FIP.srcs/sources_1/new/PE.sv:31]
CRITICAL WARNING: [Synth 8-6859] multi-driven net on pin Q with 2nd driver pin 'GND' [C:/Users/Boyang/Desktop/FPGA-Matrix-Accelerator/FIP/FIP.srcs/sources_1/new/PE.sv:31]
CRITICAL WARNING: [Synth 8-6858] multi-driven net Q is connected to at least one constant driver which has been preserved, other driver is ignored [C:/Users/Boyang/Desktop/FPGA-Matrix-Accelerator/FIP/FIP.srcs/sources_1/new/PE.sv:31]
CRITICAL WARNING: [Synth 8-6859] multi-driven net on pin Q with 1st driver pin 'Systolic_Array/col_loop[1].row_loop[2].pe_inst/C_out_reg[3]/Q' [C:/Users/Boyang/Desktop/FPGA-Matrix-Accelerator/FIP/FIP.srcs/sources_1/new/PE.sv:31]
CRITICAL WARNING: [Synth 8-6859] multi-driven net on pin Q with 2nd driver pin 'GND' [C:/Users/Boyang/Desktop/FPGA-Matrix-Accelerator/FIP/FIP.srcs/sources_1/new/PE.sv:31]
CRITICAL WARNING: [Synth 8-6858] multi-driven net Q is connected to at least one constant driver which has been preserved, other driver is ignored [C:/Users/Boyang/Desktop/FPGA-Matrix-Accelerator/FIP/FIP.srcs/sources_1/new/PE.sv:31]
CRITICAL WARNING: [Synth 8-6859] multi-driven net on pin Q with 1st driver pin 'Systolic_Array/col_loop[1].row_loop[2].pe_inst/C_out_reg[2]/Q' [C:/Users/Boyang/Desktop/FPGA-Matrix-Accelerator/FIP/FIP.srcs/sources_1/new/PE.sv:31]
CRITICAL WARNING: [Synth 8-6859] multi-driven net on pin Q with 2nd driver pin 'GND' [C:/Users/Boyang/Desktop/FPGA-Matrix-Accelerator/FIP/FIP.srcs/sources_1/new/PE.sv:31]
CRITICAL WARNING: [Synth 8-6858] multi-driven net Q is connected to at least one constant driver which has been preserved, other driver is ignored [C:/Users/Boyang/Desktop/FPGA-Matrix-Accelerator/FIP/FIP.srcs/sources_1/new/PE.sv:31]
CRITICAL WARNING: [Synth 8-6859] multi-driven net on pin Q with 1st driver pin 'Systolic_Array/col_loop[1].row_loop[2].pe_inst/C_out_reg[1]/Q' [C:/Users/Boyang/Desktop/FPGA-Matrix-Accelerator/FIP/FIP.srcs/sources_1/new/PE.sv:31]
CRITICAL WARNING: [Synth 8-6859] multi-driven net on pin Q with 2nd driver pin 'GND' [C:/Users/Boyang/Desktop/FPGA-Matrix-Accelerator/FIP/FIP.srcs/sources_1/new/PE.sv:31]
CRITICAL WARNING: [Synth 8-6858] multi-driven net Q is connected to at least one constant driver which has been preserved, other driver is ignored [C:/Users/Boyang/Desktop/FPGA-Matrix-Accelerator/FIP/FIP.srcs/sources_1/new/PE.sv:31]
CRITICAL WARNING: [Synth 8-6859] multi-driven net on pin Q with 1st driver pin 'Systolic_Array/col_loop[1].row_loop[2].pe_inst/C_out_reg[0]/Q' [C:/Users/Boyang/Desktop/FPGA-Matrix-Accelerator/FIP/FIP.srcs/sources_1/new/PE.sv:31]
CRITICAL WARNING: [Synth 8-6859] multi-driven net on pin Q with 2nd driver pin 'GND' [C:/Users/Boyang/Desktop/FPGA-Matrix-Accelerator/FIP/FIP.srcs/sources_1/new/PE.sv:31]
CRITICAL WARNING: [Synth 8-6858] multi-driven net Q is connected to at least one constant driver which has been preserved, other driver is ignored [C:/Users/Boyang/Desktop/FPGA-Matrix-Accelerator/FIP/FIP.srcs/sources_1/new/PE.sv:31]
CRITICAL WARNING: [Synth 8-6859] multi-driven net on pin Q with 1st driver pin 'Systolic_Array/col_loop[1].row_loop[3].pe_inst/C_out_reg[4]/Q' [C:/Users/Boyang/Desktop/FPGA-Matrix-Accelerator/FIP/FIP.srcs/sources_1/new/PE.sv:31]
CRITICAL WARNING: [Synth 8-6859] multi-driven net on pin Q with 2nd driver pin 'GND' [C:/Users/Boyang/Desktop/FPGA-Matrix-Accelerator/FIP/FIP.srcs/sources_1/new/PE.sv:31]
CRITICAL WARNING: [Synth 8-6858] multi-driven net Q is connected to at least one constant driver which has been preserved, other driver is ignored [C:/Users/Boyang/Desktop/FPGA-Matrix-Accelerator/FIP/FIP.srcs/sources_1/new/PE.sv:31]
CRITICAL WARNING: [Synth 8-6859] multi-driven net on pin Q with 1st driver pin 'Systolic_Array/col_loop[1].row_loop[3].pe_inst/C_out_reg[3]/Q' [C:/Users/Boyang/Desktop/FPGA-Matrix-Accelerator/FIP/FIP.srcs/sources_1/new/PE.sv:31]
CRITICAL WARNING: [Synth 8-6859] multi-driven net on pin Q with 2nd driver pin 'GND' [C:/Users/Boyang/Desktop/FPGA-Matrix-Accelerator/FIP/FIP.srcs/sources_1/new/PE.sv:31]
CRITICAL WARNING: [Synth 8-6858] multi-driven net Q is connected to at least one constant driver which has been preserved, other driver is ignored [C:/Users/Boyang/Desktop/FPGA-Matrix-Accelerator/FIP/FIP.srcs/sources_1/new/PE.sv:31]
CRITICAL WARNING: [Synth 8-6859] multi-driven net on pin Q with 1st driver pin 'Systolic_Array/col_loop[1].row_loop[3].pe_inst/C_out_reg[2]/Q' [C:/Users/Boyang/Desktop/FPGA-Matrix-Accelerator/FIP/FIP.srcs/sources_1/new/PE.sv:31]
CRITICAL WARNING: [Synth 8-6859] multi-driven net on pin Q with 2nd driver pin 'GND' [C:/Users/Boyang/Desktop/FPGA-Matrix-Accelerator/FIP/FIP.srcs/sources_1/new/PE.sv:31]
CRITICAL WARNING: [Synth 8-6858] multi-driven net Q is connected to at least one constant driver which has been preserved, other driver is ignored [C:/Users/Boyang/Desktop/FPGA-Matrix-Accelerator/FIP/FIP.srcs/sources_1/new/PE.sv:31]
CRITICAL WARNING: [Synth 8-6859] multi-driven net on pin Q with 1st driver pin 'Systolic_Array/col_loop[1].row_loop[3].pe_inst/C_out_reg[1]/Q' [C:/Users/Boyang/Desktop/FPGA-Matrix-Accelerator/FIP/FIP.srcs/sources_1/new/PE.sv:31]
CRITICAL WARNING: [Synth 8-6859] multi-driven net on pin Q with 2nd driver pin 'GND' [C:/Users/Boyang/Desktop/FPGA-Matrix-Accelerator/FIP/FIP.srcs/sources_1/new/PE.sv:31]
CRITICAL WARNING: [Synth 8-6858] multi-driven net Q is connected to at least one constant driver which has been preserved, other driver is ignored [C:/Users/Boyang/Desktop/FPGA-Matrix-Accelerator/FIP/FIP.srcs/sources_1/new/PE.sv:31]
CRITICAL WARNING: [Synth 8-6859] multi-driven net on pin Q with 1st driver pin 'Systolic_Array/col_loop[1].row_loop[3].pe_inst/C_out_reg[0]/Q' [C:/Users/Boyang/Desktop/FPGA-Matrix-Accelerator/FIP/FIP.srcs/sources_1/new/PE.sv:31]
CRITICAL WARNING: [Synth 8-6859] multi-driven net on pin Q with 2nd driver pin 'GND' [C:/Users/Boyang/Desktop/FPGA-Matrix-Accelerator/FIP/FIP.srcs/sources_1/new/PE.sv:31]
CRITICAL WARNING: [Synth 8-6858] multi-driven net Q is connected to at least one constant driver which has been preserved, other driver is ignored [C:/Users/Boyang/Desktop/FPGA-Matrix-Accelerator/FIP/FIP.srcs/sources_1/new/PE.sv:31]
CRITICAL WARNING: [Synth 8-6859] multi-driven net on pin Q with 1st driver pin 'Systolic_Array/col_loop[2].row_loop[0].pe_inst/C_out_reg[4]/Q' [C:/Users/Boyang/Desktop/FPGA-Matrix-Accelerator/FIP/FIP.srcs/sources_1/new/PE.sv:31]
CRITICAL WARNING: [Synth 8-6859] multi-driven net on pin Q with 2nd driver pin 'GND' [C:/Users/Boyang/Desktop/FPGA-Matrix-Accelerator/FIP/FIP.srcs/sources_1/new/PE.sv:31]
CRITICAL WARNING: [Synth 8-6858] multi-driven net Q is connected to at least one constant driver which has been preserved, other driver is ignored [C:/Users/Boyang/Desktop/FPGA-Matrix-Accelerator/FIP/FIP.srcs/sources_1/new/PE.sv:31]
CRITICAL WARNING: [Synth 8-6859] multi-driven net on pin Q with 1st driver pin 'Systolic_Array/col_loop[2].row_loop[1].pe_inst/C_out_reg[4]/Q' [C:/Users/Boyang/Desktop/FPGA-Matrix-Accelerator/FIP/FIP.srcs/sources_1/new/PE.sv:31]
CRITICAL WARNING: [Synth 8-6859] multi-driven net on pin Q with 2nd driver pin 'GND' [C:/Users/Boyang/Desktop/FPGA-Matrix-Accelerator/FIP/FIP.srcs/sources_1/new/PE.sv:31]
CRITICAL WARNING: [Synth 8-6858] multi-driven net Q is connected to at least one constant driver which has been preserved, other driver is ignored [C:/Users/Boyang/Desktop/FPGA-Matrix-Accelerator/FIP/FIP.srcs/sources_1/new/PE.sv:31]
CRITICAL WARNING: [Synth 8-6859] multi-driven net on pin Q with 1st driver pin 'Systolic_Array/col_loop[2].row_loop[1].pe_inst/C_out_reg[3]/Q' [C:/Users/Boyang/Desktop/FPGA-Matrix-Accelerator/FIP/FIP.srcs/sources_1/new/PE.sv:31]
CRITICAL WARNING: [Synth 8-6859] multi-driven net on pin Q with 2nd driver pin 'GND' [C:/Users/Boyang/Desktop/FPGA-Matrix-Accelerator/FIP/FIP.srcs/sources_1/new/PE.sv:31]
CRITICAL WARNING: [Synth 8-6858] multi-driven net Q is connected to at least one constant driver which has been preserved, other driver is ignored [C:/Users/Boyang/Desktop/FPGA-Matrix-Accelerator/FIP/FIP.srcs/sources_1/new/PE.sv:31]
CRITICAL WARNING: [Synth 8-6859] multi-driven net on pin Q with 1st driver pin 'Systolic_Array/col_loop[2].row_loop[1].pe_inst/C_out_reg[2]/Q' [C:/Users/Boyang/Desktop/FPGA-Matrix-Accelerator/FIP/FIP.srcs/sources_1/new/PE.sv:31]
CRITICAL WARNING: [Synth 8-6859] multi-driven net on pin Q with 2nd driver pin 'GND' [C:/Users/Boyang/Desktop/FPGA-Matrix-Accelerator/FIP/FIP.srcs/sources_1/new/PE.sv:31]
CRITICAL WARNING: [Synth 8-6858] multi-driven net Q is connected to at least one constant driver which has been preserved, other driver is ignored [C:/Users/Boyang/Desktop/FPGA-Matrix-Accelerator/FIP/FIP.srcs/sources_1/new/PE.sv:31]
CRITICAL WARNING: [Synth 8-6859] multi-driven net on pin Q with 1st driver pin 'Systolic_Array/col_loop[2].row_loop[1].pe_inst/C_out_reg[1]/Q' [C:/Users/Boyang/Desktop/FPGA-Matrix-Accelerator/FIP/FIP.srcs/sources_1/new/PE.sv:31]
CRITICAL WARNING: [Synth 8-6859] multi-driven net on pin Q with 2nd driver pin 'GND' [C:/Users/Boyang/Desktop/FPGA-Matrix-Accelerator/FIP/FIP.srcs/sources_1/new/PE.sv:31]
CRITICAL WARNING: [Synth 8-6858] multi-driven net Q is connected to at least one constant driver which has been preserved, other driver is ignored [C:/Users/Boyang/Desktop/FPGA-Matrix-Accelerator/FIP/FIP.srcs/sources_1/new/PE.sv:31]
CRITICAL WARNING: [Synth 8-6859] multi-driven net on pin Q with 1st driver pin 'Systolic_Array/col_loop[2].row_loop[1].pe_inst/C_out_reg[0]/Q' [C:/Users/Boyang/Desktop/FPGA-Matrix-Accelerator/FIP/FIP.srcs/sources_1/new/PE.sv:31]
CRITICAL WARNING: [Synth 8-6859] multi-driven net on pin Q with 2nd driver pin 'GND' [C:/Users/Boyang/Desktop/FPGA-Matrix-Accelerator/FIP/FIP.srcs/sources_1/new/PE.sv:31]
CRITICAL WARNING: [Synth 8-6858] multi-driven net Q is connected to at least one constant driver which has been preserved, other driver is ignored [C:/Users/Boyang/Desktop/FPGA-Matrix-Accelerator/FIP/FIP.srcs/sources_1/new/PE.sv:31]
CRITICAL WARNING: [Synth 8-6859] multi-driven net on pin Q with 1st driver pin 'Systolic_Array/col_loop[2].row_loop[2].pe_inst/C_out_reg[4]/Q' [C:/Users/Boyang/Desktop/FPGA-Matrix-Accelerator/FIP/FIP.srcs/sources_1/new/PE.sv:31]
CRITICAL WARNING: [Synth 8-6859] multi-driven net on pin Q with 2nd driver pin 'GND' [C:/Users/Boyang/Desktop/FPGA-Matrix-Accelerator/FIP/FIP.srcs/sources_1/new/PE.sv:31]
CRITICAL WARNING: [Synth 8-6858] multi-driven net Q is connected to at least one constant driver which has been preserved, other driver is ignored [C:/Users/Boyang/Desktop/FPGA-Matrix-Accelerator/FIP/FIP.srcs/sources_1/new/PE.sv:31]
CRITICAL WARNING: [Synth 8-6859] multi-driven net on pin Q with 1st driver pin 'Systolic_Array/col_loop[2].row_loop[2].pe_inst/C_out_reg[3]/Q' [C:/Users/Boyang/Desktop/FPGA-Matrix-Accelerator/FIP/FIP.srcs/sources_1/new/PE.sv:31]
CRITICAL WARNING: [Synth 8-6859] multi-driven net on pin Q with 2nd driver pin 'GND' [C:/Users/Boyang/Desktop/FPGA-Matrix-Accelerator/FIP/FIP.srcs/sources_1/new/PE.sv:31]
CRITICAL WARNING: [Synth 8-6858] multi-driven net Q is connected to at least one constant driver which has been preserved, other driver is ignored [C:/Users/Boyang/Desktop/FPGA-Matrix-Accelerator/FIP/FIP.srcs/sources_1/new/PE.sv:31]
CRITICAL WARNING: [Synth 8-6859] multi-driven net on pin Q with 1st driver pin 'Systolic_Array/col_loop[2].row_loop[2].pe_inst/C_out_reg[2]/Q' [C:/Users/Boyang/Desktop/FPGA-Matrix-Accelerator/FIP/FIP.srcs/sources_1/new/PE.sv:31]
CRITICAL WARNING: [Synth 8-6859] multi-driven net on pin Q with 2nd driver pin 'GND' [C:/Users/Boyang/Desktop/FPGA-Matrix-Accelerator/FIP/FIP.srcs/sources_1/new/PE.sv:31]
CRITICAL WARNING: [Synth 8-6858] multi-driven net Q is connected to at least one constant driver which has been preserved, other driver is ignored [C:/Users/Boyang/Desktop/FPGA-Matrix-Accelerator/FIP/FIP.srcs/sources_1/new/PE.sv:31]
CRITICAL WARNING: [Synth 8-6859] multi-driven net on pin Q with 1st driver pin 'Systolic_Array/col_loop[2].row_loop[2].pe_inst/C_out_reg[1]/Q' [C:/Users/Boyang/Desktop/FPGA-Matrix-Accelerator/FIP/FIP.srcs/sources_1/new/PE.sv:31]
CRITICAL WARNING: [Synth 8-6859] multi-driven net on pin Q with 2nd driver pin 'GND' [C:/Users/Boyang/Desktop/FPGA-Matrix-Accelerator/FIP/FIP.srcs/sources_1/new/PE.sv:31]
CRITICAL WARNING: [Synth 8-6858] multi-driven net Q is connected to at least one constant driver which has been preserved, other driver is ignored [C:/Users/Boyang/Desktop/FPGA-Matrix-Accelerator/FIP/FIP.srcs/sources_1/new/PE.sv:31]
CRITICAL WARNING: [Synth 8-6859] multi-driven net on pin Q with 1st driver pin 'Systolic_Array/col_loop[2].row_loop[2].pe_inst/C_out_reg[0]/Q' [C:/Users/Boyang/Desktop/FPGA-Matrix-Accelerator/FIP/FIP.srcs/sources_1/new/PE.sv:31]
CRITICAL WARNING: [Synth 8-6859] multi-driven net on pin Q with 2nd driver pin 'GND' [C:/Users/Boyang/Desktop/FPGA-Matrix-Accelerator/FIP/FIP.srcs/sources_1/new/PE.sv:31]
CRITICAL WARNING: [Synth 8-6858] multi-driven net Q is connected to at least one constant driver which has been preserved, other driver is ignored [C:/Users/Boyang/Desktop/FPGA-Matrix-Accelerator/FIP/FIP.srcs/sources_1/new/PE.sv:31]
CRITICAL WARNING: [Synth 8-6859] multi-driven net on pin Q with 1st driver pin 'Systolic_Array/col_loop[2].row_loop[3].pe_inst/C_out_reg[4]/Q' [C:/Users/Boyang/Desktop/FPGA-Matrix-Accelerator/FIP/FIP.srcs/sources_1/new/PE.sv:31]
CRITICAL WARNING: [Synth 8-6859] multi-driven net on pin Q with 2nd driver pin 'GND' [C:/Users/Boyang/Desktop/FPGA-Matrix-Accelerator/FIP/FIP.srcs/sources_1/new/PE.sv:31]
CRITICAL WARNING: [Synth 8-6858] multi-driven net Q is connected to at least one constant driver which has been preserved, other driver is ignored [C:/Users/Boyang/Desktop/FPGA-Matrix-Accelerator/FIP/FIP.srcs/sources_1/new/PE.sv:31]
CRITICAL WARNING: [Synth 8-6859] multi-driven net on pin Q with 1st driver pin 'Systolic_Array/col_loop[2].row_loop[3].pe_inst/C_out_reg[3]/Q' [C:/Users/Boyang/Desktop/FPGA-Matrix-Accelerator/FIP/FIP.srcs/sources_1/new/PE.sv:31]
CRITICAL WARNING: [Synth 8-6859] multi-driven net on pin Q with 2nd driver pin 'GND' [C:/Users/Boyang/Desktop/FPGA-Matrix-Accelerator/FIP/FIP.srcs/sources_1/new/PE.sv:31]
CRITICAL WARNING: [Synth 8-6858] multi-driven net Q is connected to at least one constant driver which has been preserved, other driver is ignored [C:/Users/Boyang/Desktop/FPGA-Matrix-Accelerator/FIP/FIP.srcs/sources_1/new/PE.sv:31]
CRITICAL WARNING: [Synth 8-6859] multi-driven net on pin Q with 1st driver pin 'Systolic_Array/col_loop[2].row_loop[3].pe_inst/C_out_reg[2]/Q' [C:/Users/Boyang/Desktop/FPGA-Matrix-Accelerator/FIP/FIP.srcs/sources_1/new/PE.sv:31]
CRITICAL WARNING: [Synth 8-6859] multi-driven net on pin Q with 2nd driver pin 'GND' [C:/Users/Boyang/Desktop/FPGA-Matrix-Accelerator/FIP/FIP.srcs/sources_1/new/PE.sv:31]
CRITICAL WARNING: [Synth 8-6858] multi-driven net Q is connected to at least one constant driver which has been preserved, other driver is ignored [C:/Users/Boyang/Desktop/FPGA-Matrix-Accelerator/FIP/FIP.srcs/sources_1/new/PE.sv:31]
CRITICAL WARNING: [Synth 8-6859] multi-driven net on pin Q with 1st driver pin 'Systolic_Array/col_loop[2].row_loop[3].pe_inst/C_out_reg[1]/Q' [C:/Users/Boyang/Desktop/FPGA-Matrix-Accelerator/FIP/FIP.srcs/sources_1/new/PE.sv:31]
CRITICAL WARNING: [Synth 8-6859] multi-driven net on pin Q with 2nd driver pin 'GND' [C:/Users/Boyang/Desktop/FPGA-Matrix-Accelerator/FIP/FIP.srcs/sources_1/new/PE.sv:31]
CRITICAL WARNING: [Synth 8-6858] multi-driven net Q is connected to at least one constant driver which has been preserved, other driver is ignored [C:/Users/Boyang/Desktop/FPGA-Matrix-Accelerator/FIP/FIP.srcs/sources_1/new/PE.sv:31]
CRITICAL WARNING: [Synth 8-6859] multi-driven net on pin Q with 1st driver pin 'Systolic_Array/col_loop[2].row_loop[3].pe_inst/C_out_reg[0]/Q' [C:/Users/Boyang/Desktop/FPGA-Matrix-Accelerator/FIP/FIP.srcs/sources_1/new/PE.sv:31]
CRITICAL WARNING: [Synth 8-6859] multi-driven net on pin Q with 2nd driver pin 'GND' [C:/Users/Boyang/Desktop/FPGA-Matrix-Accelerator/FIP/FIP.srcs/sources_1/new/PE.sv:31]
CRITICAL WARNING: [Synth 8-6858] multi-driven net Q is connected to at least one constant driver which has been preserved, other driver is ignored [C:/Users/Boyang/Desktop/FPGA-Matrix-Accelerator/FIP/FIP.srcs/sources_1/new/PE.sv:31]
CRITICAL WARNING: [Synth 8-6859] multi-driven net on pin Q with 1st driver pin 'Systolic_Array/col_loop[3].row_loop[0].pe_inst/C_out_reg[4]/Q' [C:/Users/Boyang/Desktop/FPGA-Matrix-Accelerator/FIP/FIP.srcs/sources_1/new/PE.sv:31]
CRITICAL WARNING: [Synth 8-6859] multi-driven net on pin Q with 2nd driver pin 'GND' [C:/Users/Boyang/Desktop/FPGA-Matrix-Accelerator/FIP/FIP.srcs/sources_1/new/PE.sv:31]
CRITICAL WARNING: [Synth 8-6858] multi-driven net Q is connected to at least one constant driver which has been preserved, other driver is ignored [C:/Users/Boyang/Desktop/FPGA-Matrix-Accelerator/FIP/FIP.srcs/sources_1/new/PE.sv:31]
CRITICAL WARNING: [Synth 8-6859] multi-driven net on pin Q with 1st driver pin 'Systolic_Array/col_loop[3].row_loop[1].pe_inst/C_out_reg[4]/Q' [C:/Users/Boyang/Desktop/FPGA-Matrix-Accelerator/FIP/FIP.srcs/sources_1/new/PE.sv:31]
CRITICAL WARNING: [Synth 8-6859] multi-driven net on pin Q with 2nd driver pin 'GND' [C:/Users/Boyang/Desktop/FPGA-Matrix-Accelerator/FIP/FIP.srcs/sources_1/new/PE.sv:31]
CRITICAL WARNING: [Synth 8-6858] multi-driven net Q is connected to at least one constant driver which has been preserved, other driver is ignored [C:/Users/Boyang/Desktop/FPGA-Matrix-Accelerator/FIP/FIP.srcs/sources_1/new/PE.sv:31]
CRITICAL WARNING: [Synth 8-6859] multi-driven net on pin Q with 1st driver pin 'Systolic_Array/col_loop[3].row_loop[1].pe_inst/C_out_reg[3]/Q' [C:/Users/Boyang/Desktop/FPGA-Matrix-Accelerator/FIP/FIP.srcs/sources_1/new/PE.sv:31]
CRITICAL WARNING: [Synth 8-6859] multi-driven net on pin Q with 2nd driver pin 'GND' [C:/Users/Boyang/Desktop/FPGA-Matrix-Accelerator/FIP/FIP.srcs/sources_1/new/PE.sv:31]
CRITICAL WARNING: [Synth 8-6858] multi-driven net Q is connected to at least one constant driver which has been preserved, other driver is ignored [C:/Users/Boyang/Desktop/FPGA-Matrix-Accelerator/FIP/FIP.srcs/sources_1/new/PE.sv:31]
CRITICAL WARNING: [Synth 8-6859] multi-driven net on pin Q with 1st driver pin 'Systolic_Array/col_loop[3].row_loop[1].pe_inst/C_out_reg[2]/Q' [C:/Users/Boyang/Desktop/FPGA-Matrix-Accelerator/FIP/FIP.srcs/sources_1/new/PE.sv:31]
CRITICAL WARNING: [Synth 8-6859] multi-driven net on pin Q with 2nd driver pin 'GND' [C:/Users/Boyang/Desktop/FPGA-Matrix-Accelerator/FIP/FIP.srcs/sources_1/new/PE.sv:31]
CRITICAL WARNING: [Synth 8-6858] multi-driven net Q is connected to at least one constant driver which has been preserved, other driver is ignored [C:/Users/Boyang/Desktop/FPGA-Matrix-Accelerator/FIP/FIP.srcs/sources_1/new/PE.sv:31]
CRITICAL WARNING: [Synth 8-6859] multi-driven net on pin Q with 1st driver pin 'Systolic_Array/col_loop[3].row_loop[1].pe_inst/C_out_reg[1]/Q' [C:/Users/Boyang/Desktop/FPGA-Matrix-Accelerator/FIP/FIP.srcs/sources_1/new/PE.sv:31]
CRITICAL WARNING: [Synth 8-6859] multi-driven net on pin Q with 2nd driver pin 'GND' [C:/Users/Boyang/Desktop/FPGA-Matrix-Accelerator/FIP/FIP.srcs/sources_1/new/PE.sv:31]
CRITICAL WARNING: [Synth 8-6858] multi-driven net Q is connected to at least one constant driver which has been preserved, other driver is ignored [C:/Users/Boyang/Desktop/FPGA-Matrix-Accelerator/FIP/FIP.srcs/sources_1/new/PE.sv:31]
CRITICAL WARNING: [Synth 8-6859] multi-driven net on pin Q with 1st driver pin 'Systolic_Array/col_loop[3].row_loop[1].pe_inst/C_out_reg[0]/Q' [C:/Users/Boyang/Desktop/FPGA-Matrix-Accelerator/FIP/FIP.srcs/sources_1/new/PE.sv:31]
CRITICAL WARNING: [Synth 8-6859] multi-driven net on pin Q with 2nd driver pin 'GND' [C:/Users/Boyang/Desktop/FPGA-Matrix-Accelerator/FIP/FIP.srcs/sources_1/new/PE.sv:31]
CRITICAL WARNING: [Synth 8-6858] multi-driven net Q is connected to at least one constant driver which has been preserved, other driver is ignored [C:/Users/Boyang/Desktop/FPGA-Matrix-Accelerator/FIP/FIP.srcs/sources_1/new/PE.sv:31]
CRITICAL WARNING: [Synth 8-6859] multi-driven net on pin Q with 1st driver pin 'Systolic_Array/col_loop[3].row_loop[2].pe_inst/C_out_reg[4]/Q' [C:/Users/Boyang/Desktop/FPGA-Matrix-Accelerator/FIP/FIP.srcs/sources_1/new/PE.sv:31]
CRITICAL WARNING: [Synth 8-6859] multi-driven net on pin Q with 2nd driver pin 'GND' [C:/Users/Boyang/Desktop/FPGA-Matrix-Accelerator/FIP/FIP.srcs/sources_1/new/PE.sv:31]
CRITICAL WARNING: [Synth 8-6858] multi-driven net Q is connected to at least one constant driver which has been preserved, other driver is ignored [C:/Users/Boyang/Desktop/FPGA-Matrix-Accelerator/FIP/FIP.srcs/sources_1/new/PE.sv:31]
CRITICAL WARNING: [Synth 8-6859] multi-driven net on pin Q with 1st driver pin 'Systolic_Array/col_loop[3].row_loop[2].pe_inst/C_out_reg[3]/Q' [C:/Users/Boyang/Desktop/FPGA-Matrix-Accelerator/FIP/FIP.srcs/sources_1/new/PE.sv:31]
CRITICAL WARNING: [Synth 8-6859] multi-driven net on pin Q with 2nd driver pin 'GND' [C:/Users/Boyang/Desktop/FPGA-Matrix-Accelerator/FIP/FIP.srcs/sources_1/new/PE.sv:31]
CRITICAL WARNING: [Synth 8-6858] multi-driven net Q is connected to at least one constant driver which has been preserved, other driver is ignored [C:/Users/Boyang/Desktop/FPGA-Matrix-Accelerator/FIP/FIP.srcs/sources_1/new/PE.sv:31]
CRITICAL WARNING: [Synth 8-6859] multi-driven net on pin Q with 1st driver pin 'Systolic_Array/col_loop[3].row_loop[2].pe_inst/C_out_reg[2]/Q' [C:/Users/Boyang/Desktop/FPGA-Matrix-Accelerator/FIP/FIP.srcs/sources_1/new/PE.sv:31]
CRITICAL WARNING: [Synth 8-6859] multi-driven net on pin Q with 2nd driver pin 'GND' [C:/Users/Boyang/Desktop/FPGA-Matrix-Accelerator/FIP/FIP.srcs/sources_1/new/PE.sv:31]
CRITICAL WARNING: [Synth 8-6858] multi-driven net Q is connected to at least one constant driver which has been preserved, other driver is ignored [C:/Users/Boyang/Desktop/FPGA-Matrix-Accelerator/FIP/FIP.srcs/sources_1/new/PE.sv:31]
CRITICAL WARNING: [Synth 8-6859] multi-driven net on pin Q with 1st driver pin 'Systolic_Array/col_loop[3].row_loop[2].pe_inst/C_out_reg[1]/Q' [C:/Users/Boyang/Desktop/FPGA-Matrix-Accelerator/FIP/FIP.srcs/sources_1/new/PE.sv:31]
CRITICAL WARNING: [Synth 8-6859] multi-driven net on pin Q with 2nd driver pin 'GND' [C:/Users/Boyang/Desktop/FPGA-Matrix-Accelerator/FIP/FIP.srcs/sources_1/new/PE.sv:31]
CRITICAL WARNING: [Synth 8-6858] multi-driven net Q is connected to at least one constant driver which has been preserved, other driver is ignored [C:/Users/Boyang/Desktop/FPGA-Matrix-Accelerator/FIP/FIP.srcs/sources_1/new/PE.sv:31]
CRITICAL WARNING: [Synth 8-6859] multi-driven net on pin Q with 1st driver pin 'Systolic_Array/col_loop[3].row_loop[2].pe_inst/C_out_reg[0]/Q' [C:/Users/Boyang/Desktop/FPGA-Matrix-Accelerator/FIP/FIP.srcs/sources_1/new/PE.sv:31]
CRITICAL WARNING: [Synth 8-6859] multi-driven net on pin Q with 2nd driver pin 'GND' [C:/Users/Boyang/Desktop/FPGA-Matrix-Accelerator/FIP/FIP.srcs/sources_1/new/PE.sv:31]
CRITICAL WARNING: [Synth 8-6858] multi-driven net Q is connected to at least one constant driver which has been preserved, other driver is ignored [C:/Users/Boyang/Desktop/FPGA-Matrix-Accelerator/FIP/FIP.srcs/sources_1/new/PE.sv:31]
CRITICAL WARNING: [Synth 8-6859] multi-driven net on pin Q with 1st driver pin 'Systolic_Array/col_loop[3].row_loop[3].pe_inst/C_out_reg[4]/Q' [C:/Users/Boyang/Desktop/FPGA-Matrix-Accelerator/FIP/FIP.srcs/sources_1/new/PE.sv:31]
CRITICAL WARNING: [Synth 8-6859] multi-driven net on pin Q with 2nd driver pin 'GND' [C:/Users/Boyang/Desktop/FPGA-Matrix-Accelerator/FIP/FIP.srcs/sources_1/new/PE.sv:31]
CRITICAL WARNING: [Synth 8-6858] multi-driven net Q is connected to at least one constant driver which has been preserved, other driver is ignored [C:/Users/Boyang/Desktop/FPGA-Matrix-Accelerator/FIP/FIP.srcs/sources_1/new/PE.sv:31]
CRITICAL WARNING: [Synth 8-6859] multi-driven net on pin Q with 1st driver pin 'Systolic_Array/col_loop[3].row_loop[3].pe_inst/C_out_reg[3]/Q' [C:/Users/Boyang/Desktop/FPGA-Matrix-Accelerator/FIP/FIP.srcs/sources_1/new/PE.sv:31]
CRITICAL WARNING: [Synth 8-6859] multi-driven net on pin Q with 2nd driver pin 'GND' [C:/Users/Boyang/Desktop/FPGA-Matrix-Accelerator/FIP/FIP.srcs/sources_1/new/PE.sv:31]
CRITICAL WARNING: [Synth 8-6858] multi-driven net Q is connected to at least one constant driver which has been preserved, other driver is ignored [C:/Users/Boyang/Desktop/FPGA-Matrix-Accelerator/FIP/FIP.srcs/sources_1/new/PE.sv:31]
CRITICAL WARNING: [Synth 8-6859] multi-driven net on pin Q with 1st driver pin 'Systolic_Array/col_loop[3].row_loop[3].pe_inst/C_out_reg[2]/Q' [C:/Users/Boyang/Desktop/FPGA-Matrix-Accelerator/FIP/FIP.srcs/sources_1/new/PE.sv:31]
CRITICAL WARNING: [Synth 8-6859] multi-driven net on pin Q with 2nd driver pin 'GND' [C:/Users/Boyang/Desktop/FPGA-Matrix-Accelerator/FIP/FIP.srcs/sources_1/new/PE.sv:31]
CRITICAL WARNING: [Synth 8-6858] multi-driven net Q is connected to at least one constant driver which has been preserved, other driver is ignored [C:/Users/Boyang/Desktop/FPGA-Matrix-Accelerator/FIP/FIP.srcs/sources_1/new/PE.sv:31]
CRITICAL WARNING: [Synth 8-6859] multi-driven net on pin Q with 1st driver pin 'Systolic_Array/col_loop[3].row_loop[3].pe_inst/C_out_reg[1]/Q' [C:/Users/Boyang/Desktop/FPGA-Matrix-Accelerator/FIP/FIP.srcs/sources_1/new/PE.sv:31]
CRITICAL WARNING: [Synth 8-6859] multi-driven net on pin Q with 2nd driver pin 'GND' [C:/Users/Boyang/Desktop/FPGA-Matrix-Accelerator/FIP/FIP.srcs/sources_1/new/PE.sv:31]
INFO: [Common 17-14] Message 'Synth 8-6859' appears 100 times and further instances of the messages will be disabled. Use the Tcl command set_msg_config to change the current settings.
CRITICAL WARNING: [Synth 8-6858] multi-driven net Q is connected to at least one constant driver which has been preserved, other driver is ignored [C:/Users/Boyang/Desktop/FPGA-Matrix-Accelerator/FIP/FIP.srcs/sources_1/new/PE.sv:31]
CRITICAL WARNING: [Synth 8-6858] multi-driven net Q is connected to at least one constant driver which has been preserved, other driver is ignored [C:/Users/Boyang/Desktop/FPGA-Matrix-Accelerator/FIP/FIP.srcs/sources_1/new/PE.sv:31]
CRITICAL WARNING: [Synth 8-6858] multi-driven net Q is connected to at least one constant driver which has been preserved, other driver is ignored [C:/Users/Boyang/Desktop/FPGA-Matrix-Accelerator/FIP/FIP.srcs/sources_1/new/Systolic_Array.sv:39]
CRITICAL WARNING: [Synth 8-6858] multi-driven net Q is connected to at least one constant driver which has been preserved, other driver is ignored [C:/Users/Boyang/Desktop/FPGA-Matrix-Accelerator/FIP/FIP.srcs/sources_1/new/Systolic_Array.sv:39]
CRITICAL WARNING: [Synth 8-6858] multi-driven net Q is connected to at least one constant driver which has been preserved, other driver is ignored [C:/Users/Boyang/Desktop/FPGA-Matrix-Accelerator/FIP/FIP.srcs/sources_1/new/Systolic_Array.sv:39]
CRITICAL WARNING: [Synth 8-6858] multi-driven net Q is connected to at least one constant driver which has been preserved, other driver is ignored [C:/Users/Boyang/Desktop/FPGA-Matrix-Accelerator/FIP/FIP.srcs/sources_1/new/Systolic_Array.sv:39]
CRITICAL WARNING: [Synth 8-6858] multi-driven net Q is connected to at least one constant driver which has been preserved, other driver is ignored [C:/Users/Boyang/Desktop/FPGA-Matrix-Accelerator/FIP/FIP.srcs/sources_1/new/Systolic_Array.sv:39]
CRITICAL WARNING: [Synth 8-6858] multi-driven net Q is connected to at least one constant driver which has been preserved, other driver is ignored [C:/Users/Boyang/Desktop/FPGA-Matrix-Accelerator/FIP/FIP.srcs/sources_1/new/Systolic_Array.sv:39]
CRITICAL WARNING: [Synth 8-6858] multi-driven net Q is connected to at least one constant driver which has been preserved, other driver is ignored [C:/Users/Boyang/Desktop/FPGA-Matrix-Accelerator/FIP/FIP.srcs/sources_1/new/Systolic_Array.sv:39]
CRITICAL WARNING: [Synth 8-6858] multi-driven net Q is connected to at least one constant driver which has been preserved, other driver is ignored [C:/Users/Boyang/Desktop/FPGA-Matrix-Accelerator/FIP/FIP.srcs/sources_1/new/Systolic_Array.sv:39]
CRITICAL WARNING: [Synth 8-6858] multi-driven net Q is connected to at least one constant driver which has been preserved, other driver is ignored [C:/Users/Boyang/Desktop/FPGA-Matrix-Accelerator/FIP/FIP.srcs/sources_1/new/Systolic_Array.sv:39]
CRITICAL WARNING: [Synth 8-6858] multi-driven net Q is connected to at least one constant driver which has been preserved, other driver is ignored [C:/Users/Boyang/Desktop/FPGA-Matrix-Accelerator/FIP/FIP.srcs/sources_1/new/Systolic_Array.sv:39]
CRITICAL WARNING: [Synth 8-6858] multi-driven net Q is connected to at least one constant driver which has been preserved, other driver is ignored [C:/Users/Boyang/Desktop/FPGA-Matrix-Accelerator/FIP/FIP.srcs/sources_1/new/Systolic_Array.sv:39]
CRITICAL WARNING: [Synth 8-6858] multi-driven net Q is connected to at least one constant driver which has been preserved, other driver is ignored [C:/Users/Boyang/Desktop/FPGA-Matrix-Accelerator/FIP/FIP.srcs/sources_1/new/Systolic_Array.sv:39]
CRITICAL WARNING: [Synth 8-6858] multi-driven net Q is connected to at least one constant driver which has been preserved, other driver is ignored [C:/Users/Boyang/Desktop/FPGA-Matrix-Accelerator/FIP/FIP.srcs/sources_1/new/Systolic_Array.sv:39]
CRITICAL WARNING: [Synth 8-6858] multi-driven net Q is connected to at least one constant driver which has been preserved, other driver is ignored [C:/Users/Boyang/Desktop/FPGA-Matrix-Accelerator/FIP/FIP.srcs/sources_1/new/Systolic_Array.sv:39]
CRITICAL WARNING: [Synth 8-6858] multi-driven net Q is connected to at least one constant driver which has been preserved, other driver is ignored [C:/Users/Boyang/Desktop/FPGA-Matrix-Accelerator/FIP/FIP.srcs/sources_1/new/Systolic_Array.sv:39]
CRITICAL WARNING: [Synth 8-6858] multi-driven net Q is connected to at least one constant driver which has been preserved, other driver is ignored [C:/Users/Boyang/Desktop/FPGA-Matrix-Accelerator/FIP/FIP.srcs/sources_1/new/Systolic_Array.sv:39]
CRITICAL WARNING: [Synth 8-6858] multi-driven net Q is connected to at least one constant driver which has been preserved, other driver is ignored [C:/Users/Boyang/Desktop/FPGA-Matrix-Accelerator/FIP/FIP.srcs/sources_1/new/Systolic_Array.sv:39]
CRITICAL WARNING: [Synth 8-6858] multi-driven net Q is connected to at least one constant driver which has been preserved, other driver is ignored [C:/Users/Boyang/Desktop/FPGA-Matrix-Accelerator/FIP/FIP.srcs/sources_1/new/Systolic_Array.sv:39]
CRITICAL WARNING: [Synth 8-6858] multi-driven net Q is connected to at least one constant driver which has been preserved, other driver is ignored [C:/Users/Boyang/Desktop/FPGA-Matrix-Accelerator/FIP/FIP.srcs/sources_1/new/Systolic_Array.sv:39]
CRITICAL WARNING: [Synth 8-6858] multi-driven net Q is connected to at least one constant driver which has been preserved, other driver is ignored [C:/Users/Boyang/Desktop/FPGA-Matrix-Accelerator/FIP/FIP.srcs/sources_1/new/Systolic_Array.sv:39]
CRITICAL WARNING: [Synth 8-6858] multi-driven net Q is connected to at least one constant driver which has been preserved, other driver is ignored [C:/Users/Boyang/Desktop/FPGA-Matrix-Accelerator/FIP/FIP.srcs/sources_1/new/Systolic_Array.sv:39]
CRITICAL WARNING: [Synth 8-6858] multi-driven net Q is connected to at least one constant driver which has been preserved, other driver is ignored [C:/Users/Boyang/Desktop/FPGA-Matrix-Accelerator/FIP/FIP.srcs/sources_1/new/Systolic_Array.sv:39]
CRITICAL WARNING: [Synth 8-6858] multi-driven net Q is connected to at least one constant driver which has been preserved, other driver is ignored [C:/Users/Boyang/Desktop/FPGA-Matrix-Accelerator/FIP/FIP.srcs/sources_1/new/Systolic_Array.sv:39]
CRITICAL WARNING: [Synth 8-6858] multi-driven net Q is connected to at least one constant driver which has been preserved, other driver is ignored [C:/Users/Boyang/Desktop/FPGA-Matrix-Accelerator/FIP/FIP.srcs/sources_1/new/Systolic_Array.sv:39]
CRITICAL WARNING: [Synth 8-6858] multi-driven net Q is connected to at least one constant driver which has been preserved, other driver is ignored [C:/Users/Boyang/Desktop/FPGA-Matrix-Accelerator/FIP/FIP.srcs/sources_1/new/Systolic_Array.sv:39]
CRITICAL WARNING: [Synth 8-6858] multi-driven net Q is connected to at least one constant driver which has been preserved, other driver is ignored [C:/Users/Boyang/Desktop/FPGA-Matrix-Accelerator/FIP/FIP.srcs/sources_1/new/Systolic_Array.sv:39]
CRITICAL WARNING: [Synth 8-6858] multi-driven net Q is connected to at least one constant driver which has been preserved, other driver is ignored [C:/Users/Boyang/Desktop/FPGA-Matrix-Accelerator/FIP/FIP.srcs/sources_1/new/Systolic_Array.sv:39]
CRITICAL WARNING: [Synth 8-6858] multi-driven net Q is connected to at least one constant driver which has been preserved, other driver is ignored [C:/Users/Boyang/Desktop/FPGA-Matrix-Accelerator/FIP/FIP.srcs/sources_1/new/Systolic_Array.sv:39]
CRITICAL WARNING: [Synth 8-6858] multi-driven net Q is connected to at least one constant driver which has been preserved, other driver is ignored [C:/Users/Boyang/Desktop/FPGA-Matrix-Accelerator/FIP/FIP.srcs/sources_1/new/Systolic_Array.sv:39]
CRITICAL WARNING: [Synth 8-6858] multi-driven net Q is connected to at least one constant driver which has been preserved, other driver is ignored [C:/Users/Boyang/Desktop/FPGA-Matrix-Accelerator/FIP/FIP.srcs/sources_1/new/Systolic_Array.sv:27]
CRITICAL WARNING: [Synth 8-6858] multi-driven net Q is connected to at least one constant driver which has been preserved, other driver is ignored [C:/Users/Boyang/Desktop/FPGA-Matrix-Accelerator/FIP/FIP.srcs/sources_1/new/Systolic_Array.sv:27]
CRITICAL WARNING: [Synth 8-6858] multi-driven net Q is connected to at least one constant driver which has been preserved, other driver is ignored [C:/Users/Boyang/Desktop/FPGA-Matrix-Accelerator/FIP/FIP.srcs/sources_1/new/Systolic_Array.sv:28]
CRITICAL WARNING: [Synth 8-6858] multi-driven net Q is connected to at least one constant driver which has been preserved, other driver is ignored [C:/Users/Boyang/Desktop/FPGA-Matrix-Accelerator/FIP/FIP.srcs/sources_1/new/Systolic_Array.sv:28]
CRITICAL WARNING: [Synth 8-6858] multi-driven net Q is connected to at least one constant driver which has been preserved, other driver is ignored [C:/Users/Boyang/Desktop/FPGA-Matrix-Accelerator/FIP/FIP.srcs/sources_1/new/Systolic_Array.sv:27]
CRITICAL WARNING: [Synth 8-6858] multi-driven net Q is connected to at least one constant driver which has been preserved, other driver is ignored [C:/Users/Boyang/Desktop/FPGA-Matrix-Accelerator/FIP/FIP.srcs/sources_1/new/Systolic_Array.sv:27]
CRITICAL WARNING: [Synth 8-6858] multi-driven net Q is connected to at least one constant driver which has been preserved, other driver is ignored [C:/Users/Boyang/Desktop/FPGA-Matrix-Accelerator/FIP/FIP.srcs/sources_1/new/Systolic_Array.sv:28]
CRITICAL WARNING: [Synth 8-6858] multi-driven net Q is connected to at least one constant driver which has been preserved, other driver is ignored [C:/Users/Boyang/Desktop/FPGA-Matrix-Accelerator/FIP/FIP.srcs/sources_1/new/Systolic_Array.sv:28]
CRITICAL WARNING: [Synth 8-6858] multi-driven net Q is connected to at least one constant driver which has been preserved, other driver is ignored [C:/Users/Boyang/Desktop/FPGA-Matrix-Accelerator/FIP/FIP.srcs/sources_1/new/Systolic_Array.sv:27]
CRITICAL WARNING: [Synth 8-6858] multi-driven net Q is connected to at least one constant driver which has been preserved, other driver is ignored [C:/Users/Boyang/Desktop/FPGA-Matrix-Accelerator/FIP/FIP.srcs/sources_1/new/Systolic_Array.sv:27]
CRITICAL WARNING: [Synth 8-6858] multi-driven net Q is connected to at least one constant driver which has been preserved, other driver is ignored [C:/Users/Boyang/Desktop/FPGA-Matrix-Accelerator/FIP/FIP.srcs/sources_1/new/Systolic_Array.sv:28]
CRITICAL WARNING: [Synth 8-6858] multi-driven net Q is connected to at least one constant driver which has been preserved, other driver is ignored [C:/Users/Boyang/Desktop/FPGA-Matrix-Accelerator/FIP/FIP.srcs/sources_1/new/Systolic_Array.sv:28]
CRITICAL WARNING: [Synth 8-6858] multi-driven net Q is connected to at least one constant driver which has been preserved, other driver is ignored [C:/Users/Boyang/Desktop/FPGA-Matrix-Accelerator/FIP/FIP.srcs/sources_1/new/Systolic_Array.sv:33]
CRITICAL WARNING: [Synth 8-6858] multi-driven net Q is connected to at least one constant driver which has been preserved, other driver is ignored [C:/Users/Boyang/Desktop/FPGA-Matrix-Accelerator/FIP/FIP.srcs/sources_1/new/Systolic_Array.sv:33]
CRITICAL WARNING: [Synth 8-6858] multi-driven net Q is connected to at least one constant driver which has been preserved, other driver is ignored [C:/Users/Boyang/Desktop/FPGA-Matrix-Accelerator/FIP/FIP.srcs/sources_1/new/Systolic_Array.sv:34]
CRITICAL WARNING: [Synth 8-6858] multi-driven net Q is connected to at least one constant driver which has been preserved, other driver is ignored [C:/Users/Boyang/Desktop/FPGA-Matrix-Accelerator/FIP/FIP.srcs/sources_1/new/Systolic_Array.sv:34]
CRITICAL WARNING: [Synth 8-6858] multi-driven net Q is connected to at least one constant driver which has been preserved, other driver is ignored [C:/Users/Boyang/Desktop/FPGA-Matrix-Accelerator/FIP/FIP.srcs/sources_1/new/Systolic_Array.sv:27]
CRITICAL WARNING: [Synth 8-6858] multi-driven net Q is connected to at least one constant driver which has been preserved, other driver is ignored [C:/Users/Boyang/Desktop/FPGA-Matrix-Accelerator/FIP/FIP.srcs/sources_1/new/Systolic_Array.sv:27]
CRITICAL WARNING: [Synth 8-6858] multi-driven net Q is connected to at least one constant driver which has been preserved, other driver is ignored [C:/Users/Boyang/Desktop/FPGA-Matrix-Accelerator/FIP/FIP.srcs/sources_1/new/Systolic_Array.sv:28]
CRITICAL WARNING: [Synth 8-6858] multi-driven net Q is connected to at least one constant driver which has been preserved, other driver is ignored [C:/Users/Boyang/Desktop/FPGA-Matrix-Accelerator/FIP/FIP.srcs/sources_1/new/Systolic_Array.sv:28]
INFO: [Common 17-14] Message 'Synth 8-6858' appears 100 times and further instances of the messages will be disabled. Use the Tcl command set_msg_config to change the current settings.
---------------------------------------------------------------------------------
Finished Cross Boundary and Area Optimization : Time (s): cpu = 00:00:11 ; elapsed = 00:00:12 . Memory (MB): peak = 3120.355 ; gain = 562.723
---------------------------------------------------------------------------------
---------------------------------------------------------------------------------
Start Applying XDC Timing Constraints
---------------------------------------------------------------------------------
---------------------------------------------------------------------------------
Finished Applying XDC Timing Constraints : Time (s): cpu = 00:00:20 ; elapsed = 00:00:22 . Memory (MB): peak = 3558.820 ; gain = 1001.188
---------------------------------------------------------------------------------
---------------------------------------------------------------------------------
Start Timing Optimization
---------------------------------------------------------------------------------
---------------------------------------------------------------------------------
Finished Timing Optimization : Time (s): cpu = 00:00:20 ; elapsed = 00:00:22 . Memory (MB): peak = 3558.949 ; gain = 1001.316
---------------------------------------------------------------------------------
---------------------------------------------------------------------------------
Start Technology Mapping
---------------------------------------------------------------------------------
---------------------------------------------------------------------------------
Finished Technology Mapping : Time (s): cpu = 00:00:20 ; elapsed = 00:00:22 . Memory (MB): peak = 3578.062 ; gain = 1020.430
---------------------------------------------------------------------------------
---------------------------------------------------------------------------------
Start IO Insertion
---------------------------------------------------------------------------------
---------------------------------------------------------------------------------
Start Flattening Before IO Insertion
---------------------------------------------------------------------------------
---------------------------------------------------------------------------------
Finished Flattening Before IO Insertion
---------------------------------------------------------------------------------
---------------------------------------------------------------------------------
Start Final Netlist Cleanup
---------------------------------------------------------------------------------
---------------------------------------------------------------------------------
Finished Final Netlist Cleanup
---------------------------------------------------------------------------------
---------------------------------------------------------------------------------
Finished IO Insertion : Time (s): cpu = 00:00:23 ; elapsed = 00:00:24 . Memory (MB): peak = 3583.801 ; gain = 1026.168
---------------------------------------------------------------------------------
---------------------------------------------------------------------------------
Start Renaming Generated Instances
---------------------------------------------------------------------------------
---------------------------------------------------------------------------------
Finished Renaming Generated Instances : Time (s): cpu = 00:00:23 ; elapsed = 00:00:24 . Memory (MB): peak = 3583.801 ; gain = 1026.168
---------------------------------------------------------------------------------
---------------------------------------------------------------------------------
Start Rebuilding User Hierarchy
---------------------------------------------------------------------------------
---------------------------------------------------------------------------------
Finished Rebuilding User Hierarchy : Time (s): cpu = 00:00:23 ; elapsed = 00:00:24 . Memory (MB): peak = 3583.801 ; gain = 1026.168
---------------------------------------------------------------------------------
---------------------------------------------------------------------------------
Start Renaming Generated Ports
---------------------------------------------------------------------------------
---------------------------------------------------------------------------------
Finished Renaming Generated Ports : Time (s): cpu = 00:00:23 ; elapsed = 00:00:24 . Memory (MB): peak = 3583.801 ; gain = 1026.168
---------------------------------------------------------------------------------
---------------------------------------------------------------------------------
Start Handling Custom Attributes
---------------------------------------------------------------------------------
---------------------------------------------------------------------------------
Finished Handling Custom Attributes : Time (s): cpu = 00:00:23 ; elapsed = 00:00:24 . Memory (MB): peak = 3583.801 ; gain = 1026.168
---------------------------------------------------------------------------------
---------------------------------------------------------------------------------
Start Renaming Generated Nets
---------------------------------------------------------------------------------
---------------------------------------------------------------------------------
Finished Renaming Generated Nets : Time (s): cpu = 00:00:23 ; elapsed = 00:00:24 . Memory (MB): peak = 3583.801 ; gain = 1026.168
---------------------------------------------------------------------------------
---------------------------------------------------------------------------------
Start Writing Synthesis Report
---------------------------------------------------------------------------------

Report BlackBoxes: 
+-+--------------+----------+
| |BlackBox name |Instances |
+-+--------------+----------+
+-+--------------+----------+

Report Cell Usage: 
+------+--------+------+
|      |Cell    |Count |
+------+--------+------+
|1     |IBUFGDS |     1|
|2     |OBUF    |    80|
+------+--------+------+
---------------------------------------------------------------------------------
Finished Writing Synthesis Report : Time (s): cpu = 00:00:23 ; elapsed = 00:00:24 . Memory (MB): peak = 3583.801 ; gain = 1026.168
---------------------------------------------------------------------------------
Synthesis finished with 0 errors, 648 critical warnings and 1 warnings.
Synthesis Optimization Runtime : Time (s): cpu = 00:00:17 ; elapsed = 00:00:23 . Memory (MB): peak = 3583.801 ; gain = 920.516
Synthesis Optimization Complete : Time (s): cpu = 00:00:23 ; elapsed = 00:00:25 . Memory (MB): peak = 3583.801 ; gain = 1026.168
INFO: [Project 1-571] Translating synthesized netlist
Netlist sorting complete. Time (s): cpu = 00:00:00 ; elapsed = 00:00:00 . Memory (MB): peak = 3583.801 ; gain = 0.000
INFO: [Netlist 29-17] Analyzing 1 Unisim elements for replacement
INFO: [Netlist 29-28] Unisim Transformation completed in 0 CPU seconds
INFO: [Project 1-570] Preparing netlist for logic optimization
INFO: [Opt 31-138] Pushed 0 inverter(s) to 0 load pin(s).
Netlist sorting complete. Time (s): cpu = 00:00:00 ; elapsed = 00:00:00 . Memory (MB): peak = 3630.047 ; gain = 0.000
INFO: [Project 1-111] Unisim Transformation Summary:
  A total of 1 instances were transformed.
  IBUFGDS => IBUFDS (DIFFINBUF, IBUFCTRL): 1 instance 

Synth Design complete, checksum: 869ac5b2
INFO: [Common 17-83] Releasing license: Synthesis
42 Infos, 34 Warnings, 200 Critical Warnings and 0 Errors encountered.
synth_design completed successfully
synth_design: Time (s): cpu = 00:00:27 ; elapsed = 00:00:31 . Memory (MB): peak = 3630.047 ; gain = 2216.133
INFO: [runtcl-6] Synthesis results are not added to the cache due to CRITICAL_WARNING
INFO: [Common 17-1381] The checkpoint 'C:/Users/Boyang/Desktop/FPGA-Matrix-Accelerator/FIP/FIP.runs/synth_1/FIP_top.dcp' has been generated.
INFO: [runtcl-4] Executing : report_utilization -file FIP_top_utilization_synth.rpt -pb FIP_top_utilization_synth.pb
INFO: [Common 17-206] Exiting Vivado at Tue Mar 18 10:36:22 2025...
