Vivado Simulator v2022.2
Copyright 1986-1999, 2001-2022 Xilinx, Inc. All Rights Reserved.
Running: C:/Xilinx/Vivado/2022.2/bin/unwrapped/win64.o/xelab.exe --incr --debug typical --relax --mt 2 -L xil_defaultlib -L uvm -L unisims_ver -L unimacro_ver -L secureip --snapshot tb_Base_top_behav xil_defaultlib.tb_Base_top xil_defaultlib.glbl -log elaborate.log 
Using 2 slave threads.
Starting static elaboration
Pass Through NonSizing Optimizer
Completed static elaboration
Starting simulation data flow analysis
WARNING: [XSIM 43-4099] "C:/Users/Boyang/Desktop/FPGA-Matrix-Accelerator/Baselin_A/Baselin_A.srcs/sources_1/new/Base_top.sv" Line 1. Module Base_top doesn't have a timescale but at least one module in design has a timescale.
WARNING: [XSIM 43-4099] "C:/Users/Boyang/Desktop/FPGA-Matrix-Accelerator/Baselin_A/Baselin_A.srcs/sources_1/new/random_matrix.sv" Line 1. Module random_matrix(M=4,K=4,N=4) doesn't have a timescale but at least one module in design has a timescale.
WARNING: [XSIM 43-4099] "C:/Users/Boyang/Desktop/FPGA-Matrix-Accelerator/Baselin_A/Baselin_A.srcs/sources_1/new/SystolicArray.sv" Line 1. Module SystolicArray(DATA_WIDTH=2,M=4,N=4,K=4) doesn't have a timescale but at least one module in design has a timescale.
WARNING: [XSIM 43-4099] "C:/Users/Boyang/Desktop/FPGA-Matrix-Accelerator/Baselin_A/Baselin_A.srcs/sources_1/new/FE.sv" Line 1. Module PE(DATA_WIDTH=2) doesn't have a timescale but at least one module in design has a timescale.
WARNING: [XSIM 43-4099] "C:/Users/Boyang/Desktop/FPGA-Matrix-Accelerator/Baselin_A/Baselin_A.srcs/sources_1/new/FE.sv" Line 1. Module PE(DATA_WIDTH=2) doesn't have a timescale but at least one module in design has a timescale.
WARNING: [XSIM 43-4099] "C:/Users/Boyang/Desktop/FPGA-Matrix-Accelerator/Baselin_A/Baselin_A.srcs/sources_1/new/FE.sv" Line 1. Module PE(DATA_WIDTH=2) doesn't have a timescale but at least one module in design has a timescale.
WARNING: [XSIM 43-4099] "C:/Users/Boyang/Desktop/FPGA-Matrix-Accelerator/Baselin_A/Baselin_A.srcs/sources_1/new/FE.sv" Line 1. Module PE(DATA_WIDTH=2) doesn't have a timescale but at least one module in design has a timescale.
WARNING: [XSIM 43-4099] "C:/Users/Boyang/Desktop/FPGA-Matrix-Accelerator/Baselin_A/Baselin_A.srcs/sources_1/new/FE.sv" Line 1. Module PE(DATA_WIDTH=2) doesn't have a timescale but at least one module in design has a timescale.
WARNING: [XSIM 43-4099] "C:/Users/Boyang/Desktop/FPGA-Matrix-Accelerator/Baselin_A/Baselin_A.srcs/sources_1/new/FE.sv" Line 1. Module PE(DATA_WIDTH=2) doesn't have a timescale but at least one module in design has a timescale.
WARNING: [XSIM 43-4099] "C:/Users/Boyang/Desktop/FPGA-Matrix-Accelerator/Baselin_A/Baselin_A.srcs/sources_1/new/FE.sv" Line 1. Module PE(DATA_WIDTH=2) doesn't have a timescale but at least one module in design has a timescale.
WARNING: [XSIM 43-4099] "C:/Users/Boyang/Desktop/FPGA-Matrix-Accelerator/Baselin_A/Baselin_A.srcs/sources_1/new/FE.sv" Line 1. Module PE(DATA_WIDTH=2) doesn't have a timescale but at least one module in design has a timescale.
WARNING: [XSIM 43-4099] "C:/Users/Boyang/Desktop/FPGA-Matrix-Accelerator/Baselin_A/Baselin_A.srcs/sources_1/new/FE.sv" Line 1. Module PE(DATA_WIDTH=2) doesn't have a timescale but at least one module in design has a timescale.
WARNING: [XSIM 43-4099] "C:/Users/Boyang/Desktop/FPGA-Matrix-Accelerator/Baselin_A/Baselin_A.srcs/sources_1/new/FE.sv" Line 1. Module PE(DATA_WIDTH=2) doesn't have a timescale but at least one module in design has a timescale.
WARNING: [XSIM 43-4099] "C:/Users/Boyang/Desktop/FPGA-Matrix-Accelerator/Baselin_A/Baselin_A.srcs/sources_1/new/FE.sv" Line 1. Module PE(DATA_WIDTH=2) doesn't have a timescale but at least one module in design has a timescale.
WARNING: [XSIM 43-4099] "C:/Users/Boyang/Desktop/FPGA-Matrix-Accelerator/Baselin_A/Baselin_A.srcs/sources_1/new/FE.sv" Line 1. Module PE(DATA_WIDTH=2) doesn't have a timescale but at least one module in design has a timescale.
WARNING: [XSIM 43-4099] "C:/Users/Boyang/Desktop/FPGA-Matrix-Accelerator/Baselin_A/Baselin_A.srcs/sources_1/new/FE.sv" Line 1. Module PE(DATA_WIDTH=2) doesn't have a timescale but at least one module in design has a timescale.
WARNING: [XSIM 43-4099] "C:/Users/Boyang/Desktop/FPGA-Matrix-Accelerator/Baselin_A/Baselin_A.srcs/sources_1/new/FE.sv" Line 1. Module PE(DATA_WIDTH=2) doesn't have a timescale but at least one module in design has a timescale.
WARNING: [XSIM 43-4099] "C:/Users/Boyang/Desktop/FPGA-Matrix-Accelerator/Baselin_A/Baselin_A.srcs/sources_1/new/FE.sv" Line 1. Module PE(DATA_WIDTH=2) doesn't have a timescale but at least one module in design has a timescale.
WARNING: [XSIM 43-4099] "C:/Users/Boyang/Desktop/FPGA-Matrix-Accelerator/Baselin_A/Baselin_A.srcs/sources_1/new/FE.sv" Line 1. Module PE(DATA_WIDTH=2) doesn't have a timescale but at least one module in design has a timescale.
WARNING: [XSIM 43-4099] "C:/Users/Boyang/Desktop/FPGA-Matrix-Accelerator/Baselin_A/Baselin_A.srcs/sources_1/new/Base_top.sv" Line 1. Module Base_top doesn't have a timescale but at least one module in design has a timescale.
WARNING: [XSIM 43-4099] "C:/Users/Boyang/Desktop/FPGA-Matrix-Accelerator/Baselin_A/Baselin_A.srcs/sources_1/new/random_matrix.sv" Line 1. Module random_matrix(M=4,K=4,N=4) doesn't have a timescale but at least one module in design has a timescale.
WARNING: [XSIM 43-4099] "C:/Users/Boyang/Desktop/FPGA-Matrix-Accelerator/Baselin_A/Baselin_A.srcs/sources_1/new/SystolicArray.sv" Line 1. Module SystolicArray(DATA_WIDTH=2,M=4,N=4,K=4) doesn't have a timescale but at least one module in design has a timescale.
WARNING: [XSIM 43-4099] "C:/Users/Boyang/Desktop/FPGA-Matrix-Accelerator/Baselin_A/Baselin_A.srcs/sources_1/new/FE.sv" Line 1. Module PE(DATA_WIDTH=2) doesn't have a timescale but at least one module in design has a timescale.
WARNING: [XSIM 43-4099] "C:/Users/Boyang/Desktop/FPGA-Matrix-Accelerator/Baselin_A/Baselin_A.srcs/sources_1/new/FE.sv" Line 1. Module PE(DATA_WIDTH=2) doesn't have a timescale but at least one module in design has a timescale.
WARNING: [XSIM 43-4099] "C:/Users/Boyang/Desktop/FPGA-Matrix-Accelerator/Baselin_A/Baselin_A.srcs/sources_1/new/FE.sv" Line 1. Module PE(DATA_WIDTH=2) doesn't have a timescale but at least one module in design has a timescale.
WARNING: [XSIM 43-4099] "C:/Users/Boyang/Desktop/FPGA-Matrix-Accelerator/Baselin_A/Baselin_A.srcs/sources_1/new/FE.sv" Line 1. Module PE(DATA_WIDTH=2) doesn't have a timescale but at least one module in design has a timescale.
WARNING: [XSIM 43-4099] "C:/Users/Boyang/Desktop/FPGA-Matrix-Accelerator/Baselin_A/Baselin_A.srcs/sources_1/new/FE.sv" Line 1. Module PE(DATA_WIDTH=2) doesn't have a timescale but at least one module in design has a timescale.
WARNING: [XSIM 43-4099] "C:/Users/Boyang/Desktop/FPGA-Matrix-Accelerator/Baselin_A/Baselin_A.srcs/sources_1/new/FE.sv" Line 1. Module PE(DATA_WIDTH=2) doesn't have a timescale but at least one module in design has a timescale.
WARNING: [XSIM 43-4099] "C:/Users/Boyang/Desktop/FPGA-Matrix-Accelerator/Baselin_A/Baselin_A.srcs/sources_1/new/FE.sv" Line 1. Module PE(DATA_WIDTH=2) doesn't have a timescale but at least one module in design has a timescale.
WARNING: [XSIM 43-4099] "C:/Users/Boyang/Desktop/FPGA-Matrix-Accelerator/Baselin_A/Baselin_A.srcs/sources_1/new/FE.sv" Line 1. Module PE(DATA_WIDTH=2) doesn't have a timescale but at least one module in design has a timescale.
WARNING: [XSIM 43-4099] "C:/Users/Boyang/Desktop/FPGA-Matrix-Accelerator/Baselin_A/Baselin_A.srcs/sources_1/new/FE.sv" Line 1. Module PE(DATA_WIDTH=2) doesn't have a timescale but at least one module in design has a timescale.
WARNING: [XSIM 43-4099] "C:/Users/Boyang/Desktop/FPGA-Matrix-Accelerator/Baselin_A/Baselin_A.srcs/sources_1/new/FE.sv" Line 1. Module PE(DATA_WIDTH=2) doesn't have a timescale but at least one module in design has a timescale.
WARNING: [XSIM 43-4099] "C:/Users/Boyang/Desktop/FPGA-Matrix-Accelerator/Baselin_A/Baselin_A.srcs/sources_1/new/FE.sv" Line 1. Module PE(DATA_WIDTH=2) doesn't have a timescale but at least one module in design has a timescale.
WARNING: [XSIM 43-4099] "C:/Users/Boyang/Desktop/FPGA-Matrix-Accelerator/Baselin_A/Baselin_A.srcs/sources_1/new/FE.sv" Line 1. Module PE(DATA_WIDTH=2) doesn't have a timescale but at least one module in design has a timescale.
WARNING: [XSIM 43-4099] "C:/Users/Boyang/Desktop/FPGA-Matrix-Accelerator/Baselin_A/Baselin_A.srcs/sources_1/new/FE.sv" Line 1. Module PE(DATA_WIDTH=2) doesn't have a timescale but at least one module in design has a timescale.
WARNING: [XSIM 43-4099] "C:/Users/Boyang/Desktop/FPGA-Matrix-Accelerator/Baselin_A/Baselin_A.srcs/sources_1/new/FE.sv" Line 1. Module PE(DATA_WIDTH=2) doesn't have a timescale but at least one module in design has a timescale.
WARNING: [XSIM 43-4099] "C:/Users/Boyang/Desktop/FPGA-Matrix-Accelerator/Baselin_A/Baselin_A.srcs/sources_1/new/FE.sv" Line 1. Module PE(DATA_WIDTH=2) doesn't have a timescale but at least one module in design has a timescale.
WARNING: [XSIM 43-4099] "C:/Users/Boyang/Desktop/FPGA-Matrix-Accelerator/Baselin_A/Baselin_A.srcs/sources_1/new/FE.sv" Line 1. Module PE(DATA_WIDTH=2) doesn't have a timescale but at least one module in design has a timescale.
Completed simulation data flow analysis
Time Resolution for simulation is 1ps
Compiling module unisims_ver.IBUFDS
Compiling module unisims_ver.IBUFGDS
Compiling module xil_defaultlib.random_matrix(M=4,K=4,N=4)
Compiling module xil_defaultlib.PE(DATA_WIDTH=2)
Compiling module xil_defaultlib.SystolicArray(DATA_WIDTH=2,M=4,N...
Compiling module xil_defaultlib.Base_top
Compiling module xil_defaultlib.tb_Base_top
Compiling module xil_defaultlib.glbl
Built simulation snapshot tb_Base_top_behav
