Time resolution is 1 ps
-------------------------------------------------------
Time: 5000
random_matrix clk_counter = 9
Matrix A:
A[0]: 0 0 0 0 
A[1]: 0 0 0 0 
A[2]: 0 0 0 0 
A[3]: 0 0 0 0 
Matrix B:
B[0]: 0 0 0 0 
B[1]: 0 0 0 0 
B[2]: 0 0 0 0 
B[3]: 0 0 0 0 
Matrix C_out:
C_out[0]: 0 0 0 0 
C_out[1]: 0 0 0 0 
C_out[2]: 0 0 0 0 
C_out[3]: 0 0 0 0 
-------------------------------------------------------
Time: 15000
random_matrix clk_counter = 9
Matrix A:
A[0]: 0 0 0 0 
A[1]: 0 0 0 0 
A[2]: 0 0 0 0 
A[3]: 0 0 0 0 
Matrix B:
B[0]: 0 0 0 0 
B[1]: 0 0 0 0 
B[2]: 0 0 0 0 
B[3]: 0 0 0 0 
Matrix C_out:
C_out[0]: 0 0 0 0 
C_out[1]: 0 0 0 0 
C_out[2]: 0 0 0 0 
C_out[3]: 0 0 0 0 
-------------------------------------------------------
Time: 25000
random_matrix clk_counter = 9
Matrix A:
A[0]: 0 0 0 0 
A[1]: 0 0 0 0 
A[2]: 0 0 0 0 
A[3]: 0 0 0 0 
Matrix B:
B[0]: 0 0 0 0 
B[1]: 0 0 0 0 
B[2]: 0 0 0 0 
B[3]: 0 0 0 0 
Matrix C_out:
C_out[0]: 0 0 0 0 
C_out[1]: 0 0 0 0 
C_out[2]: 0 0 0 0 
C_out[3]: 0 0 0 0 
-------------------------------------------------------
Time: 35000
random_matrix clk_counter = 0
Matrix A:
A[0]: 2 0 0 1 
A[1]: 3 3 2 0 
A[2]: 0 1 2 0 
A[3]: 1 2 1 3 
Matrix B:
B[0]: 3 2 0 0 
B[1]: 0 0 0 1 
B[2]: 3 2 0 1 
B[3]: 2 0 1 2 
Matrix C_out:
C_out[0]: 0 0 0 0 
C_out[1]: 0 0 0 0 
C_out[2]: 0 0 0 0 
C_out[3]: 0 0 0 0 
-------------------------------------------------------
Time: 45000
random_matrix clk_counter = 1
Matrix A:
A[0]: 2 0 0 1 
A[1]: 3 3 2 0 
A[2]: 0 1 2 0 
A[3]: 1 2 1 3 
Matrix B:
B[0]: 3 2 0 0 
B[1]: 0 0 0 1 
B[2]: 3 2 0 1 
B[3]: 2 0 1 2 
Matrix C_out:
C_out[0]: 0 0 0 0 
C_out[1]: 0 0 0 0 
C_out[2]: 0 0 0 0 
C_out[3]: 0 0 0 0 
-------------------------------------------------------
Time: 55000
random_matrix clk_counter = 2
Matrix A:
A[0]: 2 0 0 1 
A[1]: 3 3 2 0 
A[2]: 0 1 2 0 
A[3]: 1 2 1 3 
Matrix B:
B[0]: 3 2 0 0 
B[1]: 0 0 0 1 
B[2]: 3 2 0 1 
B[3]: 2 0 1 2 
Matrix C_out:
C_out[0]: 0 0 0 0 
C_out[1]: 0 0 0 0 
C_out[2]: 0 0 0 0 
C_out[3]: 0 0 0 0 
-------------------------------------------------------
Time: 65000
random_matrix clk_counter = 3
Matrix A:
A[0]: 2 0 0 1 
A[1]: 3 3 2 0 
A[2]: 0 1 2 0 
A[3]: 1 2 1 3 
Matrix B:
B[0]: 3 2 0 0 
B[1]: 0 0 0 1 
B[2]: 3 2 0 1 
B[3]: 2 0 1 2 
Matrix C_out:
C_out[0]: 0 0 0 0 
C_out[1]: 0 0 0 0 
C_out[2]: 0 0 0 0 
C_out[3]: 0 0 0 0 
-------------------------------------------------------
Time: 75000
random_matrix clk_counter = 4
Matrix A:
A[0]: 2 0 0 1 
A[1]: 3 3 2 0 
A[2]: 0 1 2 0 
A[3]: 1 2 1 3 
Matrix B:
B[0]: 3 2 0 0 
B[1]: 0 0 0 1 
B[2]: 3 2 0 1 
B[3]: 2 0 1 2 
Matrix C_out:
C_out[0]: 248 252 3 254 
C_out[1]: 254 0 1 248 
C_out[2]: 248 252 1 0 
C_out[3]: 4 4 251 252 
-------------------------------------------------------
Time: 85000
random_matrix clk_counter = 5
Matrix A:
A[0]: 2 0 0 1 
A[1]: 3 3 2 0 
A[2]: 0 1 2 0 
A[3]: 1 2 1 3 
Matrix B:
B[0]: 3 2 0 0 
B[1]: 0 0 0 1 
B[2]: 3 2 0 1 
B[3]: 2 0 1 2 
Matrix C_out:
C_out[0]: 4 252 5 10 
C_out[1]: 250 8 3 240 
C_out[2]: 232 252 3 4 
C_out[3]: 12 252 9 24 
-------------------------------------------------------
Time: 95000
random_matrix clk_counter = 6
Matrix A:
A[0]: 2 0 0 1 
A[1]: 3 3 2 0 
A[2]: 0 1 2 0 
A[3]: 1 2 1 3 
Matrix B:
B[0]: 3 2 0 0 
B[1]: 0 0 0 1 
B[2]: 3 2 0 1 
B[3]: 2 0 1 2 
Matrix C_out:
C_out[0]: 244 236 9 18 
C_out[1]: 2 248 7 24 
C_out[2]: 240 236 7 20 
C_out[3]: 252 236 13 32 
-------------------------------------------------------
Time: 105000
random_matrix clk_counter = 7
Matrix A:
A[0]: 2 0 0 1 
A[1]: 3 3 2 0 
A[2]: 0 1 2 0 
A[3]: 1 2 1 3 
Matrix B:
B[0]: 3 2 0 0 
B[1]: 0 0 0 1 
B[2]: 3 2 0 1 
B[3]: 2 0 1 2 
Matrix C_out:
C_out[0]: 212 204 17 34 
C_out[1]: 226 216 15 40 
C_out[2]: 208 204 15 36 
C_out[3]: 220 204 21 48 
-------------------------------------------------------
Time: 115000
random_matrix clk_counter = 8
Matrix A:
A[0]: 2 0 0 1 
A[1]: 3 3 2 0 
A[2]: 0 1 2 0 
A[3]: 1 2 1 3 
Matrix B:
B[0]: 3 2 0 0 
B[1]: 0 0 0 1 
B[2]: 3 2 0 1 
B[3]: 2 0 1 2 
Matrix C_out:
C_out[0]: 8 4 1 2 
C_out[1]: 15 10 0 5 
C_out[2]: 6 4 0 3 
C_out[3]: 12 4 3 9 
-------------------------------------------------------
Time: 125000
random_matrix clk_counter = 9
Matrix A:
A[0]: 2 0 0 1 
A[1]: 3 3 2 0 
A[2]: 0 1 2 0 
A[3]: 1 2 1 3 
Matrix B:
B[0]: 3 2 0 0 
B[1]: 0 0 0 1 
B[2]: 3 2 0 1 
B[3]: 2 0 1 2 
Matrix C_out:
C_out[0]: 8 4 1 2 
C_out[1]: 15 10 0 5 
C_out[2]: 6 4 0 3 
C_out[3]: 12 4 3 9 
-------------------------------------------------------
Time: 135000
random_matrix clk_counter = 0
Matrix A:
A[0]: 0 1 3 2 
A[1]: 1 3 3 2 
A[2]: 0 1 2 0 
A[3]: 0 0 0 1 
Matrix B:
B[0]: 2 1 2 1 
B[1]: 3 2 1 3 
B[2]: 2 1 2 1 
B[3]: 3 2 0 1 
Matrix C_out:
C_out[0]: 0 0 0 0 
C_out[1]: 0 0 0 0 
C_out[2]: 0 0 0 0 
C_out[3]: 0 0 0 0 
