Time resolution is 1 ps
Time: 5000
random_matrix clk_counter = 8
Matrix A:
A[0]: 0 0 0 0 
A[1]: 0 0 0 0 
A[2]: 0 0 0 0 
A[3]: 0 0 0 0 
Matrix B:
B[0]: 0 0 0 0 
B[1]: 0 0 0 0 
B[2]: 0 0 0 0 
B[3]: 0 0 0 0 
Matrix C_out:
C_out[0]: 0 0 0 0 
C_out[1]: 0 0 0 0 
C_out[2]: 0 0 0 0 
C_out[3]: 0 0 0 0 
--------------------------------------------------
Time: 15000
random_matrix clk_counter = 8
Matrix A:
A[0]: 0 0 0 0 
A[1]: 0 0 0 0 
A[2]: 0 0 0 0 
A[3]: 0 0 0 0 
Matrix B:
B[0]: 0 0 0 0 
B[1]: 0 0 0 0 
B[2]: 0 0 0 0 
B[3]: 0 0 0 0 
Matrix C_out:
C_out[0]: 0 0 0 0 
C_out[1]: 0 0 0 0 
C_out[2]: 0 0 0 0 
C_out[3]: 0 0 0 0 
--------------------------------------------------
Time: 25000
random_matrix clk_counter = 8
Matrix A:
A[0]: 0 0 0 0 
A[1]: 0 0 0 0 
A[2]: 0 0 0 0 
A[3]: 0 0 0 0 
Matrix B:
B[0]: 0 0 0 0 
B[1]: 0 0 0 0 
B[2]: 0 0 0 0 
B[3]: 0 0 0 0 
Matrix C_out:
C_out[0]: 0 0 0 0 
C_out[1]: 0 0 0 0 
C_out[2]: 0 0 0 0 
C_out[3]: 0 0 0 0 
--------------------------------------------------
Time: 35000
random_matrix clk_counter = 0
Matrix A:
A[0]: 2 0 0 1 
A[1]: 3 3 2 0 
A[2]: 0 1 2 0 
A[3]: 1 2 1 3 
Matrix B:
B[0]: 3 2 0 0 
B[1]: 0 0 0 1 
B[2]: 3 2 0 1 
B[3]: 2 0 1 2 
Matrix C_out:
C_out[0]: 0 0 0 0 
C_out[1]: 0 0 0 0 
C_out[2]: 0 0 0 0 
C_out[3]: 0 0 0 0 
--------------------------------------------------
Time: 45000
random_matrix clk_counter = 1
Matrix A:
A[0]: 2 0 0 1 
A[1]: 3 3 2 0 
A[2]: 0 1 2 0 
A[3]: 1 2 1 3 
Matrix B:
B[0]: 3 2 0 0 
B[1]: 0 0 0 1 
B[2]: 3 2 0 1 
B[3]: 2 0 1 2 
Matrix C_out:
C_out[0]: 0 0 0 0 
C_out[1]: 0 0 0 0 
C_out[2]: 0 0 0 0 
C_out[3]: 0 0 0 0 
--------------------------------------------------
Time: 55000
random_matrix clk_counter = 2
Matrix A:
A[0]: 2 0 0 1 
A[1]: 3 3 2 0 
A[2]: 0 1 2 0 
A[3]: 1 2 1 3 
Matrix B:
B[0]: 3 2 0 0 
B[1]: 0 0 0 1 
B[2]: 3 2 0 1 
B[3]: 2 0 1 2 
Matrix C_out:
C_out[0]: 0 0 0 0 
C_out[1]: 0 0 0 0 
C_out[2]: 0 0 0 0 
C_out[3]: 0 0 0 0 
--------------------------------------------------
Time: 65000
random_matrix clk_counter = 3
Matrix A:
A[0]: 2 0 0 1 
A[1]: 3 3 2 0 
A[2]: 0 1 2 0 
A[3]: 1 2 1 3 
Matrix B:
B[0]: 3 2 0 0 
B[1]: 0 0 0 1 
B[2]: 3 2 0 1 
B[3]: 2 0 1 2 
Matrix C_out:
C_out[0]: 0 0 0 0 
C_out[1]: 0 0 0 0 
C_out[2]: 0 0 0 0 
C_out[3]: 0 0 0 0 
--------------------------------------------------
Time: 75000
random_matrix clk_counter = 4
Matrix A:
A[0]: 2 0 0 1 
A[1]: 3 3 2 0 
A[2]: 0 1 2 0 
A[3]: 1 2 1 3 
Matrix B:
B[0]: 3 2 0 0 
B[1]: 0 0 0 1 
B[2]: 3 2 0 1 
B[3]: 2 0 1 2 
Matrix C_out:
C_out[0]: -4 -4 1 0 
C_out[1]: -2 0 -1 -2 
C_out[2]: -8 -4 -1 -2 
C_out[3]: 8 4 1 2 
--------------------------------------------------
Time: 85000
random_matrix clk_counter = 5
Matrix A:
A[0]: 2 0 0 1 
A[1]: 3 3 2 0 
A[2]: 0 1 2 0 
A[3]: 1 2 1 3 
Matrix B:
B[0]: 3 2 0 0 
B[1]: 0 0 0 1 
B[2]: 3 2 0 1 
B[3]: 2 0 1 2 
Matrix C_out:
C_out[0]: -8 -4 -1 -8 
C_out[1]: 6 8 -3 -2 
C_out[2]: -12 -4 -3 -6 
C_out[3]: 0 -4 3 6 
--------------------------------------------------
Time: 95000
random_matrix clk_counter = 6
Matrix A:
A[0]: 2 0 0 1 
A[1]: 3 3 2 0 
A[2]: 0 1 2 0 
A[3]: 1 2 1 3 
Matrix B:
B[0]: 3 2 0 0 
B[1]: 0 0 0 1 
B[2]: 3 2 0 1 
B[3]: 2 0 1 2 
Matrix C_out:
C_out[0]: -40 -20 -5 -24 
C_out[1]: -26 -8 -7 -18 
C_out[2]: -44 -20 -7 -22 
C_out[3]: -32 -20 -1 -10 
--------------------------------------------------
Time: 105000
random_matrix clk_counter = 7
Matrix A:
A[0]: 2 0 0 1 
A[1]: 3 3 2 0 
A[2]: 0 1 2 0 
A[3]: 1 2 1 3 
Matrix B:
B[0]: 3 2 0 0 
B[1]: 0 0 0 1 
B[2]: 3 2 0 1 
B[3]: 2 0 1 2 
Matrix C_out:
C_out[0]: 8 4 1 2 
C_out[1]: 15 10 0 5 
C_out[2]: 6 4 0 3 
C_out[3]: 12 4 3 9 
--------------------------------------------------
Time: 115000
random_matrix clk_counter = 8
Matrix A:
A[0]: 2 0 0 1 
A[1]: 3 3 2 0 
A[2]: 0 1 2 0 
A[3]: 1 2 1 3 
Matrix B:
B[0]: 3 2 0 0 
B[1]: 0 0 0 1 
B[2]: 3 2 0 1 
B[3]: 2 0 1 2 
Matrix C_out:
C_out[0]: 8 4 1 2 
C_out[1]: 15 10 0 5 
C_out[2]: 6 4 0 3 
C_out[3]: 12 4 3 9 
--------------------------------------------------
Time: 125000
random_matrix clk_counter = 0
Matrix A:
A[0]: 0 1 3 2 
A[1]: 1 3 3 2 
A[2]: 0 1 2 0 
A[3]: 0 0 0 1 
Matrix B:
B[0]: 2 1 2 1 
B[1]: 3 2 1 3 
B[2]: 2 1 2 1 
B[3]: 3 2 0 1 
Matrix C_out:
C_out[0]: 0 0 0 0 
C_out[1]: 0 0 0 0 
C_out[2]: 0 0 0 0 
C_out[3]: 0 0 0 0 
--------------------------------------------------
Time: 135000
random_matrix clk_counter = 1
Matrix A:
A[0]: 0 1 3 2 
A[1]: 1 3 3 2 
A[2]: 0 1 2 0 
A[3]: 0 0 0 1 
Matrix B:
B[0]: 2 1 2 1 
B[1]: 3 2 1 3 
B[2]: 2 1 2 1 
B[3]: 3 2 0 1 
Matrix C_out:
C_out[0]: 0 0 0 0 
C_out[1]: 0 0 0 0 
C_out[2]: 0 0 0 0 
C_out[3]: 0 0 0 0 
--------------------------------------------------
Time: 145000
random_matrix clk_counter = 2
Matrix A:
A[0]: 0 1 3 2 
A[1]: 1 3 3 2 
A[2]: 0 1 2 0 
A[3]: 0 0 0 1 
Matrix B:
B[0]: 2 1 2 1 
B[1]: 3 2 1 3 
B[2]: 2 1 2 1 
B[3]: 3 2 0 1 
Matrix C_out:
C_out[0]: 0 0 0 0 
C_out[1]: 0 0 0 0 
C_out[2]: 0 0 0 0 
C_out[3]: 0 0 0 0 
--------------------------------------------------
Time: 155000
random_matrix clk_counter = 3
Matrix A:
A[0]: 0 1 3 2 
A[1]: 1 3 3 2 
A[2]: 0 1 2 0 
A[3]: 0 0 0 1 
Matrix B:
B[0]: 2 1 2 1 
B[1]: 3 2 1 3 
B[2]: 2 1 2 1 
B[3]: 3 2 0 1 
Matrix C_out:
C_out[0]: 0 0 0 0 
C_out[1]: 0 0 0 0 
C_out[2]: 0 0 0 0 
C_out[3]: 0 0 0 0 
--------------------------------------------------
Time: 165000
random_matrix clk_counter = 4
Matrix A:
A[0]: 0 1 3 2 
A[1]: 1 3 3 2 
A[2]: 0 1 2 0 
A[3]: 0 0 0 1 
Matrix B:
B[0]: 2 1 2 1 
B[1]: 3 2 1 3 
B[2]: 2 1 2 1 
B[3]: 3 2 0 1 
Matrix C_out:
C_out[0]: 0 0 1 2 
C_out[1]: 4 2 5 4 
C_out[2]: -4 -2 -3 0 
C_out[3]: -4 -2 -5 -4 
--------------------------------------------------
Time: 175000
random_matrix clk_counter = 5
Matrix A:
A[0]: 0 1 3 2 
A[1]: 1 3 3 2 
A[2]: 0 1 2 0 
A[3]: 0 0 0 1 
Matrix B:
B[0]: 2 1 2 1 
B[1]: 3 2 1 3 
B[2]: 2 1 2 1 
B[3]: 3 2 0 1 
Matrix C_out:
C_out[0]: 0 0 -1 -2 
C_out[1]: 16 10 7 12 
C_out[2]: -16 -10 -5 -8 
C_out[3]: -24 -14 -15 -16 
--------------------------------------------------
Time: 185000
random_matrix clk_counter = 6
Matrix A:
A[0]: 0 1 3 2 
A[1]: 1 3 3 2 
A[2]: 0 1 2 0 
A[3]: 0 0 0 1 
Matrix B:
B[0]: 2 1 2 1 
B[1]: 3 2 1 3 
B[2]: 2 1 2 1 
B[3]: 3 2 0 1 
Matrix C_out:
C_out[0]: -40 -24 -21 -26 
C_out[1]: -24 -14 -13 -12 
C_out[2]: -56 -34 -25 -32 
C_out[3]: -64 -38 -35 -40 
--------------------------------------------------
Time: 195000
random_matrix clk_counter = 7
Matrix A:
A[0]: 0 1 3 2 
A[1]: 1 3 3 2 
A[2]: 0 1 2 0 
A[3]: 0 0 0 1 
Matrix B:
B[0]: 2 1 2 1 
B[1]: 3 2 1 3 
B[2]: 2 1 2 1 
B[3]: 3 2 0 1 
Matrix C_out:
C_out[0]: 15 9 7 8 
C_out[1]: 23 14 11 15 
C_out[2]: 7 4 5 5 
C_out[3]: 3 2 0 1 
--------------------------------------------------
Time: 205000
random_matrix clk_counter = 8
Matrix A:
A[0]: 0 1 3 2 
A[1]: 1 3 3 2 
A[2]: 0 1 2 0 
A[3]: 0 0 0 1 
Matrix B:
B[0]: 2 1 2 1 
B[1]: 3 2 1 3 
B[2]: 2 1 2 1 
B[3]: 3 2 0 1 
Matrix C_out:
C_out[0]: 15 9 7 8 
C_out[1]: 23 14 11 15 
C_out[2]: 7 4 5 5 
C_out[3]: 3 2 0 1 
--------------------------------------------------
