Vivado Simulator v2022.2
Copyright 1986-1999, 2001-2022 Xilinx, Inc. All Rights Reserved.
Running: C:/Xilinx/Vivado/2022.2/bin/unwrapped/win64.o/xelab.exe --incr --debug typical --relax --mt 2 -L xil_defaultlib -L uvm -L unisims_ver -L unimacro_ver -L secureip --snapshot SystolicArray_tb_behav xil_defaultlib.SystolicArray_tb xil_defaultlib.glbl -log elaborate.log 
Using 2 slave threads.
Starting static elaboration
Pass Through NonSizing Optimizer
Completed static elaboration
Starting simulation data flow analysis
WARNING: [XSIM 43-4099] "C:/Users/Boyang/Desktop/FPGA-Matrix-Accelerator/Baseline/Baseline.srcs/sources_1/new/SystolicArray.sv" Line 1. Module SystolicArray_default doesn't have a timescale but at least one module in design has a timescale.
WARNING: [XSIM 43-4099] "C:/Users/Boyang/Desktop/FPGA-Matrix-Accelerator/Baseline/Baseline.srcs/sources_1/new/PE.sv" Line 1. Module PE(DATA_WIDTH=8) doesn't have a timescale but at least one module in design has a timescale.
WARNING: [XSIM 43-4099] "C:/Users/Boyang/Desktop/FPGA-Matrix-Accelerator/Baseline/Baseline.srcs/sources_1/new/PE.sv" Line 1. Module PE(DATA_WIDTH=8) doesn't have a timescale but at least one module in design has a timescale.
WARNING: [XSIM 43-4099] "C:/Users/Boyang/Desktop/FPGA-Matrix-Accelerator/Baseline/Baseline.srcs/sources_1/new/PE.sv" Line 1. Module PE(DATA_WIDTH=8) doesn't have a timescale but at least one module in design has a timescale.
WARNING: [XSIM 43-4099] "C:/Users/Boyang/Desktop/FPGA-Matrix-Accelerator/Baseline/Baseline.srcs/sources_1/new/PE.sv" Line 1. Module PE(DATA_WIDTH=8) doesn't have a timescale but at least one module in design has a timescale.
WARNING: [XSIM 43-4099] "C:/Users/Boyang/Desktop/FPGA-Matrix-Accelerator/Baseline/Baseline.srcs/sources_1/new/SystolicArray.sv" Line 1. Module SystolicArray_default doesn't have a timescale but at least one module in design has a timescale.
WARNING: [XSIM 43-4099] "C:/Users/Boyang/Desktop/FPGA-Matrix-Accelerator/Baseline/Baseline.srcs/sources_1/new/PE.sv" Line 1. Module PE(DATA_WIDTH=8) doesn't have a timescale but at least one module in design has a timescale.
WARNING: [XSIM 43-4099] "C:/Users/Boyang/Desktop/FPGA-Matrix-Accelerator/Baseline/Baseline.srcs/sources_1/new/PE.sv" Line 1. Module PE(DATA_WIDTH=8) doesn't have a timescale but at least one module in design has a timescale.
WARNING: [XSIM 43-4099] "C:/Users/Boyang/Desktop/FPGA-Matrix-Accelerator/Baseline/Baseline.srcs/sources_1/new/PE.sv" Line 1. Module PE(DATA_WIDTH=8) doesn't have a timescale but at least one module in design has a timescale.
WARNING: [XSIM 43-4099] "C:/Users/Boyang/Desktop/FPGA-Matrix-Accelerator/Baseline/Baseline.srcs/sources_1/new/PE.sv" Line 1. Module PE(DATA_WIDTH=8) doesn't have a timescale but at least one module in design has a timescale.
Completed simulation data flow analysis
Time Resolution for simulation is 1ps
Compiling module xil_defaultlib.PE(DATA_WIDTH=8)
Compiling module xil_defaultlib.SystolicArray_default
Compiling module xil_defaultlib.SystolicArray_tb
Compiling module xil_defaultlib.glbl
Built simulation snapshot SystolicArray_tb_behav
