Time resolution is 1 ps
-------------------------------------------------------
Time: 5000
random_matrix clk_counter = 6
Matrix A:
A[0]: 0 0 0 0 
A[1]: 0 0 0 0 
A[2]: 0 0 0 0 
A[3]: 0 0 0 0 
Matrix B:
B[0]: 0 0 0 0 
B[1]: 0 0 0 0 
B[2]: 0 0 0 0 
B[3]: 0 0 0 0 
Matrix C_out:
C_out[0]: 0 0 0 0 
C_out[1]: 0 0 0 0 
C_out[2]: 0 0 0 0 
C_out[3]: 0 0 0 0 
-------------------------------------------------------
Time: 15000
random_matrix clk_counter = 6
Matrix A:
A[0]: 0 0 0 0 
A[1]: 0 0 0 0 
A[2]: 0 0 0 0 
A[3]: 0 0 0 0 
Matrix B:
B[0]: 0 0 0 0 
B[1]: 0 0 0 0 
B[2]: 0 0 0 0 
B[3]: 0 0 0 0 
Matrix C_out:
C_out[0]: 0 0 0 0 
C_out[1]: 0 0 0 0 
C_out[2]: 0 0 0 0 
C_out[3]: 0 0 0 0 
-------------------------------------------------------
Time: 25000
random_matrix clk_counter = 6
Matrix A:
A[0]: 0 0 0 0 
A[1]: 0 0 0 0 
A[2]: 0 0 0 0 
A[3]: 0 0 0 0 
Matrix B:
B[0]: 0 0 0 0 
B[1]: 0 0 0 0 
B[2]: 0 0 0 0 
B[3]: 0 0 0 0 
Matrix C_out:
C_out[0]: 0 0 0 0 
C_out[1]: 0 0 0 0 
C_out[2]: 0 0 0 0 
C_out[3]: 0 0 0 0 
-------------------------------------------------------
Time: 35000
random_matrix clk_counter = 0
Matrix A:
A[0]: 2 0 0 1 
A[1]: 3 3 2 0 
A[2]: 0 1 2 0 
A[3]: 1 2 1 3 
Matrix B:
B[0]: 3 2 0 0 
B[1]: 0 0 0 1 
B[2]: 3 2 0 1 
B[3]: 2 0 1 2 
Matrix C_out:
C_out[0]: 0 0 0 0 
C_out[1]: 0 0 0 0 
C_out[2]: 0 0 0 0 
C_out[3]: 0 0 0 0 
-------------------------------------------------------
Time: 45000
random_matrix clk_counter = 1
Matrix A:
A[0]: 2 0 0 1 
A[1]: 3 3 2 0 
A[2]: 0 1 2 0 
A[3]: 1 2 1 3 
Matrix B:
B[0]: 3 2 0 0 
B[1]: 0 0 0 1 
B[2]: 3 2 0 1 
B[3]: 2 0 1 2 
Matrix C_out:
C_out[0]: 0 0 0 0 
C_out[1]: 0 0 0 0 
C_out[2]: 0 0 0 0 
C_out[3]: 0 0 0 0 
-------------------------------------------------------
Time: 55000
random_matrix clk_counter = 2
Matrix A:
A[0]: 2 0 0 1 
A[1]: 3 3 2 0 
A[2]: 0 1 2 0 
A[3]: 1 2 1 3 
Matrix B:
B[0]: 3 2 0 0 
B[1]: 0 0 0 1 
B[2]: 3 2 0 1 
B[3]: 2 0 1 2 
Matrix C_out:
C_out[0]: 0 0 0 0 
C_out[1]: 0 0 0 0 
C_out[2]: 0 0 0 0 
C_out[3]: 0 0 0 0 
-------------------------------------------------------
Time: 65000
random_matrix clk_counter = 3
Matrix A:
A[0]: 2 0 0 1 
A[1]: 3 3 2 0 
A[2]: 0 1 2 0 
A[3]: 1 2 1 3 
Matrix B:
B[0]: 3 2 0 0 
B[1]: 0 0 0 1 
B[2]: 3 2 0 1 
B[3]: 2 0 1 2 
Matrix C_out:
C_out[0]: 62 0 1 62 
C_out[1]: 1 2 0 59 
C_out[2]: 62 0 0 63 
C_out[3]: 4 4 61 61 
-------------------------------------------------------
Time: 75000
random_matrix clk_counter = 4
Matrix A:
A[0]: 2 0 0 1 
A[1]: 3 3 2 0 
A[2]: 0 1 2 0 
A[3]: 1 2 1 3 
Matrix B:
B[0]: 3 2 0 0 
B[1]: 0 0 0 1 
B[2]: 3 2 0 1 
B[3]: 2 0 1 2 
Matrix C_out:
C_out[0]: 8 4 1 2 
C_out[1]: 3 10 0 53 
C_out[2]: 58 4 0 63 
C_out[3]: 12 4 3 9 
-------------------------------------------------------
Time: 85000
random_matrix clk_counter = 5
Matrix A:
A[0]: 2 0 0 1 
A[1]: 3 3 2 0 
A[2]: 0 1 2 0 
A[3]: 1 2 1 3 
Matrix B:
B[0]: 3 2 0 0 
B[1]: 0 0 0 1 
B[2]: 3 2 0 1 
B[3]: 2 0 1 2 
Matrix C_out:
C_out[0]: 8 4 1 2 
C_out[1]: 15 10 0 5 
C_out[2]: 6 4 0 3 
C_out[3]: 12 4 3 9 
-------------------------------------------------------
Time: 95000
random_matrix clk_counter = 6
Matrix A:
A[0]: 2 0 0 1 
A[1]: 3 3 2 0 
A[2]: 0 1 2 0 
A[3]: 1 2 1 3 
Matrix B:
B[0]: 3 2 0 0 
B[1]: 0 0 0 1 
B[2]: 3 2 0 1 
B[3]: 2 0 1 2 
Matrix C_out:
C_out[0]: 8 4 1 2 
C_out[1]: 15 10 0 5 
C_out[2]: 6 4 0 3 
C_out[3]: 12 4 3 9 
-------------------------------------------------------
Time: 105000
random_matrix clk_counter = 0
Matrix A:
A[0]: 0 1 3 2 
A[1]: 1 3 3 2 
A[2]: 0 1 2 0 
A[3]: 0 0 0 1 
Matrix B:
B[0]: 2 1 2 1 
B[1]: 3 2 1 3 
B[2]: 2 1 2 1 
B[3]: 3 2 0 1 
Matrix C_out:
C_out[0]: 0 0 0 0 
C_out[1]: 0 0 0 0 
C_out[2]: 0 0 0 0 
C_out[3]: 0 0 0 0 
-------------------------------------------------------
Time: 115000
random_matrix clk_counter = 1
Matrix A:
A[0]: 0 1 3 2 
A[1]: 1 3 3 2 
A[2]: 0 1 2 0 
A[3]: 0 0 0 1 
Matrix B:
B[0]: 2 1 2 1 
B[1]: 3 2 1 3 
B[2]: 2 1 2 1 
B[3]: 3 2 0 1 
Matrix C_out:
C_out[0]: 0 0 0 0 
C_out[1]: 0 0 0 0 
C_out[2]: 0 0 0 0 
C_out[3]: 0 0 0 0 
-------------------------------------------------------
Time: 125000
random_matrix clk_counter = 2
Matrix A:
A[0]: 0 1 3 2 
A[1]: 1 3 3 2 
A[2]: 0 1 2 0 
A[3]: 0 0 0 1 
Matrix B:
B[0]: 2 1 2 1 
B[1]: 3 2 1 3 
B[2]: 2 1 2 1 
B[3]: 3 2 0 1 
Matrix C_out:
C_out[0]: 0 0 0 0 
C_out[1]: 0 0 0 0 
C_out[2]: 0 0 0 0 
C_out[3]: 0 0 0 0 
-------------------------------------------------------
Time: 135000
random_matrix clk_counter = 3
Matrix A:
A[0]: 0 1 3 2 
A[1]: 1 3 3 2 
A[2]: 0 1 2 0 
A[3]: 0 0 0 1 
Matrix B:
B[0]: 2 1 2 1 
B[1]: 3 2 1 3 
B[2]: 2 1 2 1 
B[3]: 3 2 0 1 
Matrix C_out:
C_out[0]: 1 61 5 60 
C_out[1]: 59 62 63 55 
C_out[2]: 5 60 3 63 
C_out[3]: 5 60 2 63 
-------------------------------------------------------
Time: 145000
random_matrix clk_counter = 4
Matrix A:
A[0]: 0 1 3 2 
A[1]: 1 3 3 2 
A[2]: 0 1 2 0 
A[3]: 0 0 0 1 
Matrix B:
B[0]: 2 1 2 1 
B[1]: 3 2 1 3 
B[2]: 2 1 2 1 
B[3]: 3 2 0 1 
Matrix C_out:
C_out[0]: 63 61 7 60 
C_out[1]: 51 2 11 51 
C_out[2]: 63 0 5 5 
C_out[3]: 3 2 0 1 
-------------------------------------------------------
Time: 155000
random_matrix clk_counter = 5
Matrix A:
A[0]: 0 1 3 2 
A[1]: 1 3 3 2 
A[2]: 0 1 2 0 
A[3]: 0 0 0 1 
Matrix B:
B[0]: 2 1 2 1 
B[1]: 3 2 1 3 
B[2]: 2 1 2 1 
B[3]: 3 2 0 1 
Matrix C_out:
C_out[0]: 15 9 7 8 
C_out[1]: 23 14 11 15 
C_out[2]: 7 4 5 5 
C_out[3]: 3 2 0 1 
-------------------------------------------------------
Time: 165000
random_matrix clk_counter = 6
Matrix A:
A[0]: 0 1 3 2 
A[1]: 1 3 3 2 
A[2]: 0 1 2 0 
A[3]: 0 0 0 1 
Matrix B:
B[0]: 2 1 2 1 
B[1]: 3 2 1 3 
B[2]: 2 1 2 1 
B[3]: 3 2 0 1 
Matrix C_out:
C_out[0]: 15 9 7 8 
C_out[1]: 23 14 11 15 
C_out[2]: 7 4 5 5 
C_out[3]: 3 2 0 1 
-------------------------------------------------------
Time: 175000
random_matrix clk_counter = 0
Matrix A:
A[0]: 2 1 3 2 
A[1]: 0 0 0 1 
A[2]: 3 3 3 3 
A[3]: 2 1 3 2 
Matrix B:
B[0]: 1 3 3 3 
B[1]: 2 1 2 1 
B[2]: 3 3 2 1 
B[3]: 2 0 0 1 
Matrix C_out:
C_out[0]: 0 0 0 0 
C_out[1]: 0 0 0 0 
C_out[2]: 0 0 0 0 
C_out[3]: 0 0 0 0 
-------------------------------------------------------
Time: 185000
random_matrix clk_counter = 1
Matrix A:
A[0]: 2 1 3 2 
A[1]: 0 0 0 1 
A[2]: 3 3 3 3 
A[3]: 2 1 3 2 
Matrix B:
B[0]: 1 3 3 3 
B[1]: 2 1 2 1 
B[2]: 3 3 2 1 
B[3]: 2 0 0 1 
Matrix C_out:
C_out[0]: 0 0 0 0 
C_out[1]: 0 0 0 0 
C_out[2]: 0 0 0 0 
C_out[3]: 0 0 0 0 
-------------------------------------------------------
Time: 195000
random_matrix clk_counter = 2
Matrix A:
A[0]: 2 1 3 2 
A[1]: 0 0 0 1 
A[2]: 3 3 3 3 
A[3]: 2 1 3 2 
Matrix B:
B[0]: 1 3 3 3 
B[1]: 2 1 2 1 
B[2]: 3 3 2 1 
B[3]: 2 0 0 1 
Matrix C_out:
C_out[0]: 0 0 0 0 
C_out[1]: 0 0 0 0 
C_out[2]: 0 0 0 0 
C_out[3]: 0 0 0 0 
-------------------------------------------------------
Time: 205000
random_matrix clk_counter = 3
Matrix A:
A[0]: 2 1 3 2 
A[1]: 0 0 0 1 
A[2]: 3 3 3 3 
A[3]: 2 1 3 2 
Matrix B:
B[0]: 1 3 3 3 
B[1]: 2 1 2 1 
B[2]: 3 3 2 1 
B[3]: 2 0 0 1 
Matrix C_out:
C_out[0]: 63 6 0 0 
C_out[1]: 60 2 62 3 
C_out[2]: 0 63 3 56 
C_out[3]: 63 6 0 0 
-------------------------------------------------------
Time: 215000
random_matrix clk_counter = 4
Matrix A:
A[0]: 2 1 3 2 
A[1]: 0 0 0 1 
A[2]: 3 3 3 3 
A[3]: 2 1 3 2 
Matrix B:
B[0]: 1 3 3 3 
B[1]: 2 1 2 1 
B[2]: 3 3 2 1 
B[3]: 2 0 0 1 
Matrix C_out:
C_out[0]: 53 16 62 0 
C_out[1]: 2 0 0 1 
C_out[2]: 48 61 61 42 
C_out[3]: 53 16 62 0 
-------------------------------------------------------
Time: 225000
random_matrix clk_counter = 5
Matrix A:
A[0]: 2 1 3 2 
A[1]: 0 0 0 1 
A[2]: 3 3 3 3 
A[3]: 2 1 3 2 
Matrix B:
B[0]: 1 3 3 3 
B[1]: 2 1 2 1 
B[2]: 3 3 2 1 
B[3]: 2 0 0 1 
Matrix C_out:
C_out[0]: 17 16 14 12 
C_out[1]: 2 0 0 1 
C_out[2]: 24 21 21 18 
C_out[3]: 17 16 14 12 
-------------------------------------------------------
Time: 235000
random_matrix clk_counter = 6
Matrix A:
A[0]: 2 1 3 2 
A[1]: 0 0 0 1 
A[2]: 3 3 3 3 
A[3]: 2 1 3 2 
Matrix B:
B[0]: 1 3 3 3 
B[1]: 2 1 2 1 
B[2]: 3 3 2 1 
B[3]: 2 0 0 1 
Matrix C_out:
C_out[0]: 17 16 14 12 
C_out[1]: 2 0 0 1 
C_out[2]: 24 21 21 18 
C_out[3]: 17 16 14 12 
-------------------------------------------------------
Time: 245000
random_matrix clk_counter = 0
Matrix A:
A[0]: 2 0 0 0 
A[1]: 1 3 2 1 
A[2]: 3 2 0 0 
A[3]: 1 3 3 3 
Matrix B:
B[0]: 2 0 1 3 
B[1]: 3 2 0 1 
B[2]: 3 2 0 0 
B[3]: 1 2 1 3 
Matrix C_out:
C_out[0]: 0 0 0 0 
C_out[1]: 0 0 0 0 
C_out[2]: 0 0 0 0 
C_out[3]: 0 0 0 0 
